Warning: ignoring unsupported tag `ALLOW_UNICODE_NAMES    =' at line 79, file /home/travis/build/blushiemagic/tModLoader/solutions/documentation/Doxyfile
Warning: ignoring unsupported tag `TOC_INCLUDE_HEADINGS   =' at line 313, file /home/travis/build/blushiemagic/tModLoader/solutions/documentation/Doxyfile
Warning: ignoring unsupported tag `GROUP_NESTED_COMPOUNDS =' at line 370, file /home/travis/build/blushiemagic/tModLoader/solutions/documentation/Doxyfile
Warning: ignoring unsupported tag `HIDE_COMPOUND_REFERENCE=' at line 541, file /home/travis/build/blushiemagic/tModLoader/solutions/documentation/Doxyfile
Warning: ignoring unsupported tag `WARN_AS_ERROR          =' at line 765, file /home/travis/build/blushiemagic/tModLoader/solutions/documentation/Doxyfile
Warning: Tag `CLANG_ASSISTED_PARSING' at line 1041 of file /home/travis/build/blushiemagic/tModLoader/solutions/documentation/Doxyfile belongs to an option that was not enabled at compile time.
To avoid this warning please remove this line from your configuration file, upgrade it using "doxygen -u", or recompile doxygen with this feature enabled.
Warning: Tag `CLANG_OPTIONS' at line 1049 of file /home/travis/build/blushiemagic/tModLoader/solutions/documentation/Doxyfile belongs to an option that was not enabled at compile time.
To avoid this warning please remove this line from your configuration file, upgrade it using "doxygen -u", or recompile doxygen with this feature enabled.
Warning: ignoring unsupported tag `LATEX_EXTRA_STYLESHEET =' at line 1721, file /home/travis/build/blushiemagic/tModLoader/solutions/documentation/Doxyfile
Warning: ignoring unsupported tag `LATEX_TIMESTAMP        =' at line 1788, file /home/travis/build/blushiemagic/tModLoader/solutions/documentation/Doxyfile
Warning: ignoring unsupported tag `RTF_SOURCE_CODE        =' at line 1854, file /home/travis/build/blushiemagic/tModLoader/solutions/documentation/Doxyfile
Warning: ignoring unsupported tag `MAN_SUBDIR             =' at line 1889, file /home/travis/build/blushiemagic/tModLoader/solutions/documentation/Doxyfile
Warning: ignoring unsupported tag `DOCBOOK_PROGRAMLISTING =' at line 1952, file /home/travis/build/blushiemagic/tModLoader/solutions/documentation/Doxyfile
Warning: ignoring unsupported tag `PLANTUML_JAR_PATH      =' at line 2381, file /home/travis/build/blushiemagic/tModLoader/solutions/documentation/Doxyfile
Warning: ignoring unsupported tag `PLANTUML_CFG_FILE      =' at line 2386, file /home/travis/build/blushiemagic/tModLoader/solutions/documentation/Doxyfile
Warning: ignoring unsupported tag `PLANTUML_INCLUDE_PATH  =' at line 2391, file /home/travis/build/blushiemagic/tModLoader/solutions/documentation/Doxyfile
Searching for include files...
Searching for example files...
Searching for images...
Searching for dot files...
Searching for msc files...
Searching for dia files...
Searching for files to exclude
Searching for files to process...
Searching for files in directory /home/travis/build/blushiemagic/tModLoader/patches/tModLoader/Terraria.ModLoader
Searching for files in directory /home/travis/build/blushiemagic/tModLoader/patches/tModLoader/Terraria.ModLoader.Exceptions
Searching for files in directory /home/travis/build/blushiemagic/tModLoader/patches/tModLoader/Terraria.ModLoader.IO
Reading and parsing tag files
Parsing files
Preprocessing /home/travis/build/blushiemagic/tModLoader/patches/tModLoader/Terraria.ModLoader/AssemblyManager.cs...
Parsing file /home/travis/build/blushiemagic/tModLoader/patches/tModLoader/Terraria.ModLoader/AssemblyManager.cs...
Preprocessing /home/travis/build/blushiemagic/tModLoader/patches/tModLoader/Terraria.ModLoader/AutoloadEquip.cs...
Parsing file /home/travis/build/blushiemagic/tModLoader/patches/tModLoader/Terraria.ModLoader/AutoloadEquip.cs...
Preprocessing /home/travis/build/blushiemagic/tModLoader/patches/tModLoader/Terraria.ModLoader/AutoloadHead.cs...
Parsing file /home/travis/build/blushiemagic/tModLoader/patches/tModLoader/Terraria.ModLoader/AutoloadHead.cs...
Preprocessing /home/travis/build/blushiemagic/tModLoader/patches/tModLoader/Terraria.ModLoader/BackgroundStyleLoaders.cs...
Parsing file /home/travis/build/blushiemagic/tModLoader/patches/tModLoader/Terraria.ModLoader/BackgroundStyleLoaders.cs...
Preprocessing /home/travis/build/blushiemagic/tModLoader/patches/tModLoader/Terraria.ModLoader/BackgroundTextureLoader.cs...
Parsing file /home/travis/build/blushiemagic/tModLoader/patches/tModLoader/Terraria.ModLoader/BackgroundTextureLoader.cs...
Preprocessing /home/travis/build/blushiemagic/tModLoader/patches/tModLoader/Terraria.ModLoader/BuffLoader.cs...
Parsing file /home/travis/build/blushiemagic/tModLoader/patches/tModLoader/Terraria.ModLoader/BuffLoader.cs...
Preprocessing /home/travis/build/blushiemagic/tModLoader/patches/tModLoader/Terraria.ModLoader/BuildProperties.cs...
Parsing file /home/travis/build/blushiemagic/tModLoader/patches/tModLoader/Terraria.ModLoader/BuildProperties.cs...
Preprocessing /home/travis/build/blushiemagic/tModLoader/patches/tModLoader/Terraria.ModLoader/CommandManager.cs...
Parsing file /home/travis/build/blushiemagic/tModLoader/patches/tModLoader/Terraria.ModLoader/CommandManager.cs...
Preprocessing /home/travis/build/blushiemagic/tModLoader/patches/tModLoader/Terraria.ModLoader/ConvertiblePlants.cs...
Parsing file /home/travis/build/blushiemagic/tModLoader/patches/tModLoader/Terraria.ModLoader/ConvertiblePlants.cs...
Preprocessing /home/travis/build/blushiemagic/tModLoader/patches/tModLoader/Terraria.ModLoader/DrawableTooltipLine.cs...
Parsing file /home/travis/build/blushiemagic/tModLoader/patches/tModLoader/Terraria.ModLoader/DrawableTooltipLine.cs...
Preprocessing /home/travis/build/blushiemagic/tModLoader/patches/tModLoader/Terraria.ModLoader/DrawInfo.cs...
Parsing file /home/travis/build/blushiemagic/tModLoader/patches/tModLoader/Terraria.ModLoader/DrawInfo.cs...
Preprocessing /home/travis/build/blushiemagic/tModLoader/patches/tModLoader/Terraria.ModLoader/DrawLayer.cs...
Parsing file /home/travis/build/blushiemagic/tModLoader/patches/tModLoader/Terraria.ModLoader/DrawLayer.cs...
Preprocessing /home/travis/build/blushiemagic/tModLoader/patches/tModLoader/Terraria.ModLoader/EquipLoader.cs...
Parsing file /home/travis/build/blushiemagic/tModLoader/patches/tModLoader/Terraria.ModLoader/EquipLoader.cs...
Preprocessing /home/travis/build/blushiemagic/tModLoader/patches/tModLoader/Terraria.ModLoader/EquipTexture.cs...
Parsing file /home/travis/build/blushiemagic/tModLoader/patches/tModLoader/Terraria.ModLoader/EquipTexture.cs...
Preprocessing /home/travis/build/blushiemagic/tModLoader/patches/tModLoader/Terraria.ModLoader/EquipType.cs...
Parsing file /home/travis/build/blushiemagic/tModLoader/patches/tModLoader/Terraria.ModLoader/EquipType.cs...
Preprocessing /home/travis/build/blushiemagic/tModLoader/patches/tModLoader/Terraria.ModLoader/ErrorLogger.cs...
Parsing file /home/travis/build/blushiemagic/tModLoader/patches/tModLoader/Terraria.ModLoader/ErrorLogger.cs...
Preprocessing /home/travis/build/blushiemagic/tModLoader/patches/tModLoader/Terraria.ModLoader/GlobalBuff.cs...
Parsing file /home/travis/build/blushiemagic/tModLoader/patches/tModLoader/Terraria.ModLoader/GlobalBuff.cs...
Preprocessing /home/travis/build/blushiemagic/tModLoader/patches/tModLoader/Terraria.ModLoader/GlobalItem.cs...
Parsing file /home/travis/build/blushiemagic/tModLoader/patches/tModLoader/Terraria.ModLoader/GlobalItem.cs...
Preprocessing /home/travis/build/blushiemagic/tModLoader/patches/tModLoader/Terraria.ModLoader/GlobalNPC.cs...
Parsing file /home/travis/build/blushiemagic/tModLoader/patches/tModLoader/Terraria.ModLoader/GlobalNPC.cs...
Preprocessing /home/travis/build/blushiemagic/tModLoader/patches/tModLoader/Terraria.ModLoader/GlobalProjectile.cs...
Parsing file /home/travis/build/blushiemagic/tModLoader/patches/tModLoader/Terraria.ModLoader/GlobalProjectile.cs...
Preprocessing /home/travis/build/blushiemagic/tModLoader/patches/tModLoader/Terraria.ModLoader/GlobalRecipe.cs...
Parsing file /home/travis/build/blushiemagic/tModLoader/patches/tModLoader/Terraria.ModLoader/GlobalRecipe.cs...
Preprocessing /home/travis/build/blushiemagic/tModLoader/patches/tModLoader/Terraria.ModLoader/GlobalTile.cs...
Parsing file /home/travis/build/blushiemagic/tModLoader/patches/tModLoader/Terraria.ModLoader/GlobalTile.cs...
Preprocessing /home/travis/build/blushiemagic/tModLoader/patches/tModLoader/Terraria.ModLoader/GlobalWall.cs...
Parsing file /home/travis/build/blushiemagic/tModLoader/patches/tModLoader/Terraria.ModLoader/GlobalWall.cs...
Preprocessing /home/travis/build/blushiemagic/tModLoader/patches/tModLoader/Terraria.ModLoader/Interface.cs...
Parsing file /home/travis/build/blushiemagic/tModLoader/patches/tModLoader/Terraria.ModLoader/Interface.cs...
Preprocessing /home/travis/build/blushiemagic/tModLoader/patches/tModLoader/Terraria.ModLoader/ItemLoader.cs...
Parsing file /home/travis/build/blushiemagic/tModLoader/patches/tModLoader/Terraria.ModLoader/ItemLoader.cs...
Preprocessing /home/travis/build/blushiemagic/tModLoader/patches/tModLoader/Terraria.ModLoader/LocalMod.cs...
Parsing file /home/travis/build/blushiemagic/tModLoader/patches/tModLoader/Terraria.ModLoader/LocalMod.cs...
Preprocessing /home/travis/build/blushiemagic/tModLoader/patches/tModLoader/Terraria.ModLoader/MapEntry.cs...
Parsing file /home/travis/build/blushiemagic/tModLoader/patches/tModLoader/Terraria.ModLoader/MapEntry.cs...
Preprocessing /home/travis/build/blushiemagic/tModLoader/patches/tModLoader/Terraria.ModLoader/MapLegend.cs...
Parsing file /home/travis/build/blushiemagic/tModLoader/patches/tModLoader/Terraria.ModLoader/MapLegend.cs...
Preprocessing /home/travis/build/blushiemagic/tModLoader/patches/tModLoader/Terraria.ModLoader/MapLoader.cs...
Parsing file /home/travis/build/blushiemagic/tModLoader/patches/tModLoader/Terraria.ModLoader/MapLoader.cs...
Preprocessing /home/travis/build/blushiemagic/tModLoader/patches/tModLoader/Terraria.ModLoader/Mod.cs...
Parsing file /home/travis/build/blushiemagic/tModLoader/patches/tModLoader/Terraria.ModLoader/Mod.cs...
Preprocessing /home/travis/build/blushiemagic/tModLoader/patches/tModLoader/Terraria.ModLoader/ModBackgroundStyle.cs...
Parsing file /home/travis/build/blushiemagic/tModLoader/patches/tModLoader/Terraria.ModLoader/ModBackgroundStyle.cs...
Preprocessing /home/travis/build/blushiemagic/tModLoader/patches/tModLoader/Terraria.ModLoader/ModBuff.cs...
Parsing file /home/travis/build/blushiemagic/tModLoader/patches/tModLoader/Terraria.ModLoader/ModBuff.cs...
Preprocessing /home/travis/build/blushiemagic/tModLoader/patches/tModLoader/Terraria.ModLoader/ModCommand.cs...
Parsing file /home/travis/build/blushiemagic/tModLoader/patches/tModLoader/Terraria.ModLoader/ModCommand.cs...
Preprocessing /home/travis/build/blushiemagic/tModLoader/patches/tModLoader/Terraria.ModLoader/ModCompile.cs...
Parsing file /home/travis/build/blushiemagic/tModLoader/patches/tModLoader/Terraria.ModLoader/ModCompile.cs...
Preprocessing /home/travis/build/blushiemagic/tModLoader/patches/tModLoader/Terraria.ModLoader/ModDust.cs...
Parsing file /home/travis/build/blushiemagic/tModLoader/patches/tModLoader/Terraria.ModLoader/ModDust.cs...
Preprocessing /home/travis/build/blushiemagic/tModLoader/patches/tModLoader/Terraria.ModLoader/ModGore.cs...
Parsing file /home/travis/build/blushiemagic/tModLoader/patches/tModLoader/Terraria.ModLoader/ModGore.cs...
Preprocessing /home/travis/build/blushiemagic/tModLoader/patches/tModLoader/Terraria.ModLoader/ModHooks.cs...
Parsing file /home/travis/build/blushiemagic/tModLoader/patches/tModLoader/Terraria.ModLoader/ModHooks.cs...
Preprocessing /home/travis/build/blushiemagic/tModLoader/patches/tModLoader/Terraria.ModLoader/ModHotkey.cs...
Parsing file /home/travis/build/blushiemagic/tModLoader/patches/tModLoader/Terraria.ModLoader/ModHotkey.cs...
Preprocessing /home/travis/build/blushiemagic/tModLoader/patches/tModLoader/Terraria.ModLoader/ModItem.cs...
Parsing file /home/travis/build/blushiemagic/tModLoader/patches/tModLoader/Terraria.ModLoader/ModItem.cs...
Preprocessing /home/travis/build/blushiemagic/tModLoader/patches/tModLoader/Terraria.ModLoader/ModLoader.cs...
Parsing file /home/travis/build/blushiemagic/tModLoader/patches/tModLoader/Terraria.ModLoader/ModLoader.cs...
Preprocessing /home/travis/build/blushiemagic/tModLoader/patches/tModLoader/Terraria.ModLoader/ModMountData.cs...
Parsing file /home/travis/build/blushiemagic/tModLoader/patches/tModLoader/Terraria.ModLoader/ModMountData.cs...
Preprocessing /home/travis/build/blushiemagic/tModLoader/patches/tModLoader/Terraria.ModLoader/ModNet.cs...
Parsing file /home/travis/build/blushiemagic/tModLoader/patches/tModLoader/Terraria.ModLoader/ModNet.cs...
Preprocessing /home/travis/build/blushiemagic/tModLoader/patches/tModLoader/Terraria.ModLoader/ModNPC.cs...
Parsing file /home/travis/build/blushiemagic/tModLoader/patches/tModLoader/Terraria.ModLoader/ModNPC.cs...
Preprocessing /home/travis/build/blushiemagic/tModLoader/patches/tModLoader/Terraria.ModLoader/ModPacket.cs...
Parsing file /home/travis/build/blushiemagic/tModLoader/patches/tModLoader/Terraria.ModLoader/ModPacket.cs...
Preprocessing /home/travis/build/blushiemagic/tModLoader/patches/tModLoader/Terraria.ModLoader/ModPlayer.cs...
Parsing file /home/travis/build/blushiemagic/tModLoader/patches/tModLoader/Terraria.ModLoader/ModPlayer.cs...
Preprocessing /home/travis/build/blushiemagic/tModLoader/patches/tModLoader/Terraria.ModLoader/ModPrefix.cs...
Parsing file /home/travis/build/blushiemagic/tModLoader/patches/tModLoader/Terraria.ModLoader/ModPrefix.cs...
Preprocessing /home/travis/build/blushiemagic/tModLoader/patches/tModLoader/Terraria.ModLoader/ModProjectile.cs...
Parsing file /home/travis/build/blushiemagic/tModLoader/patches/tModLoader/Terraria.ModLoader/ModProjectile.cs...
Preprocessing /home/travis/build/blushiemagic/tModLoader/patches/tModLoader/Terraria.ModLoader/ModProperties.cs...
Parsing file /home/travis/build/blushiemagic/tModLoader/patches/tModLoader/Terraria.ModLoader/ModProperties.cs...
Preprocessing /home/travis/build/blushiemagic/tModLoader/patches/tModLoader/Terraria.ModLoader/ModRecipe.cs...
Parsing file /home/travis/build/blushiemagic/tModLoader/patches/tModLoader/Terraria.ModLoader/ModRecipe.cs...
Preprocessing /home/travis/build/blushiemagic/tModLoader/patches/tModLoader/Terraria.ModLoader/ModSide.cs...
Parsing file /home/travis/build/blushiemagic/tModLoader/patches/tModLoader/Terraria.ModLoader/ModSide.cs...
Preprocessing /home/travis/build/blushiemagic/tModLoader/patches/tModLoader/Terraria.ModLoader/ModSound.cs...
Parsing file /home/travis/build/blushiemagic/tModLoader/patches/tModLoader/Terraria.ModLoader/ModSound.cs...
Preprocessing /home/travis/build/blushiemagic/tModLoader/patches/tModLoader/Terraria.ModLoader/ModTile.cs...
Parsing file /home/travis/build/blushiemagic/tModLoader/patches/tModLoader/Terraria.ModLoader/ModTile.cs...
Preprocessing /home/travis/build/blushiemagic/tModLoader/patches/tModLoader/Terraria.ModLoader/ModTileEntity.cs...
Parsing file /home/travis/build/blushiemagic/tModLoader/patches/tModLoader/Terraria.ModLoader/ModTileEntity.cs...
Preprocessing /home/travis/build/blushiemagic/tModLoader/patches/tModLoader/Terraria.ModLoader/ModTranslation.cs...
Parsing file /home/travis/build/blushiemagic/tModLoader/patches/tModLoader/Terraria.ModLoader/ModTranslation.cs...
Preprocessing /home/travis/build/blushiemagic/tModLoader/patches/tModLoader/Terraria.ModLoader/ModWall.cs...
Parsing file /home/travis/build/blushiemagic/tModLoader/patches/tModLoader/Terraria.ModLoader/ModWall.cs...
Preprocessing /home/travis/build/blushiemagic/tModLoader/patches/tModLoader/Terraria.ModLoader/ModWaterStyle.cs...
Parsing file /home/travis/build/blushiemagic/tModLoader/patches/tModLoader/Terraria.ModLoader/ModWaterStyle.cs...
Preprocessing /home/travis/build/blushiemagic/tModLoader/patches/tModLoader/Terraria.ModLoader/ModWorld.cs...
Parsing file /home/travis/build/blushiemagic/tModLoader/patches/tModLoader/Terraria.ModLoader/ModWorld.cs...
Preprocessing /home/travis/build/blushiemagic/tModLoader/patches/tModLoader/Terraria.ModLoader/MountLoader.cs...
Parsing file /home/travis/build/blushiemagic/tModLoader/patches/tModLoader/Terraria.ModLoader/MountLoader.cs...
Preprocessing /home/travis/build/blushiemagic/tModLoader/patches/tModLoader/Terraria.ModLoader/MountTextureType.cs...
Parsing file /home/travis/build/blushiemagic/tModLoader/patches/tModLoader/Terraria.ModLoader/MountTextureType.cs...
Preprocessing /home/travis/build/blushiemagic/tModLoader/patches/tModLoader/Terraria.ModLoader/MusicPriority.cs...
Parsing file /home/travis/build/blushiemagic/tModLoader/patches/tModLoader/Terraria.ModLoader/MusicPriority.cs...
Preprocessing /home/travis/build/blushiemagic/tModLoader/patches/tModLoader/Terraria.ModLoader/NPCHeadLoader.cs...
Parsing file /home/travis/build/blushiemagic/tModLoader/patches/tModLoader/Terraria.ModLoader/NPCHeadLoader.cs...
Preprocessing /home/travis/build/blushiemagic/tModLoader/patches/tModLoader/Terraria.ModLoader/NPCLoader.cs...
Parsing file /home/travis/build/blushiemagic/tModLoader/patches/tModLoader/Terraria.ModLoader/NPCLoader.cs...
Preprocessing /home/travis/build/blushiemagic/tModLoader/patches/tModLoader/Terraria.ModLoader/NPCSpawnHelper.cs...
Parsing file /home/travis/build/blushiemagic/tModLoader/patches/tModLoader/Terraria.ModLoader/NPCSpawnHelper.cs...
Preprocessing /home/travis/build/blushiemagic/tModLoader/patches/tModLoader/Terraria.ModLoader/NPCSpawnInfo.cs...
Parsing file /home/travis/build/blushiemagic/tModLoader/patches/tModLoader/Terraria.ModLoader/NPCSpawnInfo.cs...
Preprocessing /home/travis/build/blushiemagic/tModLoader/patches/tModLoader/Terraria.ModLoader/PlayerHooks.cs...
Parsing file /home/travis/build/blushiemagic/tModLoader/patches/tModLoader/Terraria.ModLoader/PlayerHooks.cs...
Preprocessing /home/travis/build/blushiemagic/tModLoader/patches/tModLoader/Terraria.ModLoader/ProjectileLoader.cs...
Parsing file /home/travis/build/blushiemagic/tModLoader/patches/tModLoader/Terraria.ModLoader/ProjectileLoader.cs...
Preprocessing /home/travis/build/blushiemagic/tModLoader/patches/tModLoader/Terraria.ModLoader/RecipeEditor.cs...
Parsing file /home/travis/build/blushiemagic/tModLoader/patches/tModLoader/Terraria.ModLoader/RecipeEditor.cs...
Preprocessing /home/travis/build/blushiemagic/tModLoader/patches/tModLoader/Terraria.ModLoader/RecipeFinder.cs...
Parsing file /home/travis/build/blushiemagic/tModLoader/patches/tModLoader/Terraria.ModLoader/RecipeFinder.cs...
Preprocessing /home/travis/build/blushiemagic/tModLoader/patches/tModLoader/Terraria.ModLoader/RecipeGroupHelper.cs...
Parsing file /home/travis/build/blushiemagic/tModLoader/patches/tModLoader/Terraria.ModLoader/RecipeGroupHelper.cs...
Preprocessing /home/travis/build/blushiemagic/tModLoader/patches/tModLoader/Terraria.ModLoader/RecipeHooks.cs...
Parsing file /home/travis/build/blushiemagic/tModLoader/patches/tModLoader/Terraria.ModLoader/RecipeHooks.cs...
Preprocessing /home/travis/build/blushiemagic/tModLoader/patches/tModLoader/Terraria.ModLoader/SoundLoader.cs...
Parsing file /home/travis/build/blushiemagic/tModLoader/patches/tModLoader/Terraria.ModLoader/SoundLoader.cs...
Preprocessing /home/travis/build/blushiemagic/tModLoader/patches/tModLoader/Terraria.ModLoader/SoundType.cs...
Parsing file /home/travis/build/blushiemagic/tModLoader/patches/tModLoader/Terraria.ModLoader/SoundType.cs...
Preprocessing /home/travis/build/blushiemagic/tModLoader/patches/tModLoader/Terraria.ModLoader/TileLoader.cs...
Parsing file /home/travis/build/blushiemagic/tModLoader/patches/tModLoader/Terraria.ModLoader/TileLoader.cs...
Preprocessing /home/travis/build/blushiemagic/tModLoader/patches/tModLoader/Terraria.ModLoader/TooltipLine.cs...
Parsing file /home/travis/build/blushiemagic/tModLoader/patches/tModLoader/Terraria.ModLoader/TooltipLine.cs...
Preprocessing /home/travis/build/blushiemagic/tModLoader/patches/tModLoader/Terraria.ModLoader/TopoSort.cs...
Parsing file /home/travis/build/blushiemagic/tModLoader/patches/tModLoader/Terraria.ModLoader/TopoSort.cs...
Preprocessing /home/travis/build/blushiemagic/tModLoader/patches/tModLoader/Terraria.ModLoader/WallLoader.cs...
Parsing file /home/travis/build/blushiemagic/tModLoader/patches/tModLoader/Terraria.ModLoader/WallLoader.cs...
Preprocessing /home/travis/build/blushiemagic/tModLoader/patches/tModLoader/Terraria.ModLoader/WaterStyleLoader.cs...
Parsing file /home/travis/build/blushiemagic/tModLoader/patches/tModLoader/Terraria.ModLoader/WaterStyleLoader.cs...
Preprocessing /home/travis/build/blushiemagic/tModLoader/patches/tModLoader/Terraria.ModLoader/WorldHooks.cs...
Parsing file /home/travis/build/blushiemagic/tModLoader/patches/tModLoader/Terraria.ModLoader/WorldHooks.cs...
Preprocessing /home/travis/build/blushiemagic/tModLoader/patches/tModLoader/Terraria.ModLoader.Exceptions/AddRecipesException.cs...
Parsing file /home/travis/build/blushiemagic/tModLoader/patches/tModLoader/Terraria.ModLoader.Exceptions/AddRecipesException.cs...
Preprocessing /home/travis/build/blushiemagic/tModLoader/patches/tModLoader/Terraria.ModLoader.Exceptions/CustomModDataException.cs...
Parsing file /home/travis/build/blushiemagic/tModLoader/patches/tModLoader/Terraria.ModLoader.Exceptions/CustomModDataException.cs...
Preprocessing /home/travis/build/blushiemagic/tModLoader/patches/tModLoader/Terraria.ModLoader.Exceptions/MissingResourceException.cs...
Parsing file /home/travis/build/blushiemagic/tModLoader/patches/tModLoader/Terraria.ModLoader.Exceptions/MissingResourceException.cs...
Preprocessing /home/travis/build/blushiemagic/tModLoader/patches/tModLoader/Terraria.ModLoader.Exceptions/ModNameException.cs...
Parsing file /home/travis/build/blushiemagic/tModLoader/patches/tModLoader/Terraria.ModLoader.Exceptions/ModNameException.cs...
Preprocessing /home/travis/build/blushiemagic/tModLoader/patches/tModLoader/Terraria.ModLoader.Exceptions/ModSortingException.cs...
Parsing file /home/travis/build/blushiemagic/tModLoader/patches/tModLoader/Terraria.ModLoader.Exceptions/ModSortingException.cs...
Preprocessing /home/travis/build/blushiemagic/tModLoader/patches/tModLoader/Terraria.ModLoader.Exceptions/OldHookException.cs...
Parsing file /home/travis/build/blushiemagic/tModLoader/patches/tModLoader/Terraria.ModLoader.Exceptions/OldHookException.cs...
Preprocessing /home/travis/build/blushiemagic/tModLoader/patches/tModLoader/Terraria.ModLoader.Exceptions/RecipeException.cs...
Parsing file /home/travis/build/blushiemagic/tModLoader/patches/tModLoader/Terraria.ModLoader.Exceptions/RecipeException.cs...
Preprocessing /home/travis/build/blushiemagic/tModLoader/patches/tModLoader/Terraria.ModLoader.Exceptions/ResourceLoadException.cs...
Parsing file /home/travis/build/blushiemagic/tModLoader/patches/tModLoader/Terraria.ModLoader.Exceptions/ResourceLoadException.cs...
Preprocessing /home/travis/build/blushiemagic/tModLoader/patches/tModLoader/Terraria.ModLoader.IO/BigEndian.cs...
Parsing file /home/travis/build/blushiemagic/tModLoader/patches/tModLoader/Terraria.ModLoader.IO/BigEndian.cs...
Preprocessing /home/travis/build/blushiemagic/tModLoader/patches/tModLoader/Terraria.ModLoader.IO/BinaryIO.cs...
Parsing file /home/travis/build/blushiemagic/tModLoader/patches/tModLoader/Terraria.ModLoader.IO/BinaryIO.cs...
Preprocessing /home/travis/build/blushiemagic/tModLoader/patches/tModLoader/Terraria.ModLoader.IO/FontCacheIO.cs...
Parsing file /home/travis/build/blushiemagic/tModLoader/patches/tModLoader/Terraria.ModLoader.IO/FontCacheIO.cs...
Preprocessing /home/travis/build/blushiemagic/tModLoader/patches/tModLoader/Terraria.ModLoader.IO/ImageIO.cs...
Parsing file /home/travis/build/blushiemagic/tModLoader/patches/tModLoader/Terraria.ModLoader.IO/ImageIO.cs...
Preprocessing /home/travis/build/blushiemagic/tModLoader/patches/tModLoader/Terraria.ModLoader.IO/ItemIO.cs...
Parsing file /home/travis/build/blushiemagic/tModLoader/patches/tModLoader/Terraria.ModLoader.IO/ItemIO.cs...
Preprocessing /home/travis/build/blushiemagic/tModLoader/patches/tModLoader/Terraria.ModLoader.IO/MapIO.cs...
Parsing file /home/travis/build/blushiemagic/tModLoader/patches/tModLoader/Terraria.ModLoader.IO/MapIO.cs...
Preprocessing /home/travis/build/blushiemagic/tModLoader/patches/tModLoader/Terraria.ModLoader.IO/PlayerIO.cs...
Parsing file /home/travis/build/blushiemagic/tModLoader/patches/tModLoader/Terraria.ModLoader.IO/PlayerIO.cs...
Preprocessing /home/travis/build/blushiemagic/tModLoader/patches/tModLoader/Terraria.ModLoader.IO/TagCompound.cs...
Parsing file /home/travis/build/blushiemagic/tModLoader/patches/tModLoader/Terraria.ModLoader.IO/TagCompound.cs...
Preprocessing /home/travis/build/blushiemagic/tModLoader/patches/tModLoader/Terraria.ModLoader.IO/TagIO.cs...
Parsing file /home/travis/build/blushiemagic/tModLoader/patches/tModLoader/Terraria.ModLoader.IO/TagIO.cs...
Preprocessing /home/travis/build/blushiemagic/tModLoader/patches/tModLoader/Terraria.ModLoader.IO/TagPrinter.cs...
Parsing file /home/travis/build/blushiemagic/tModLoader/patches/tModLoader/Terraria.ModLoader.IO/TagPrinter.cs...
Preprocessing /home/travis/build/blushiemagic/tModLoader/patches/tModLoader/Terraria.ModLoader.IO/TagSerializable.cs...
Parsing file /home/travis/build/blushiemagic/tModLoader/patches/tModLoader/Terraria.ModLoader.IO/TagSerializable.cs...
Preprocessing /home/travis/build/blushiemagic/tModLoader/patches/tModLoader/Terraria.ModLoader.IO/TagSerializer.cs...
Parsing file /home/travis/build/blushiemagic/tModLoader/patches/tModLoader/Terraria.ModLoader.IO/TagSerializer.cs...
Preprocessing /home/travis/build/blushiemagic/tModLoader/patches/tModLoader/Terraria.ModLoader.IO/TileIO.cs...
Parsing file /home/travis/build/blushiemagic/tModLoader/patches/tModLoader/Terraria.ModLoader.IO/TileIO.cs...
Preprocessing /home/travis/build/blushiemagic/tModLoader/patches/tModLoader/Terraria.ModLoader.IO/TmodFile.cs...
Parsing file /home/travis/build/blushiemagic/tModLoader/patches/tModLoader/Terraria.ModLoader.IO/TmodFile.cs...
Preprocessing /home/travis/build/blushiemagic/tModLoader/patches/tModLoader/Terraria.ModLoader.IO/UploadFile.cs...
Parsing file /home/travis/build/blushiemagic/tModLoader/patches/tModLoader/Terraria.ModLoader.IO/UploadFile.cs...
Preprocessing /home/travis/build/blushiemagic/tModLoader/patches/tModLoader/Terraria.ModLoader.IO/WAVCacheIO.cs...
Parsing file /home/travis/build/blushiemagic/tModLoader/patches/tModLoader/Terraria.ModLoader.IO/WAVCacheIO.cs...
Preprocessing /home/travis/build/blushiemagic/tModLoader/patches/tModLoader/Terraria.ModLoader.IO/WorldIO.cs...
Parsing file /home/travis/build/blushiemagic/tModLoader/patches/tModLoader/Terraria.ModLoader.IO/WorldIO.cs...
Building group list...
Building directory list...
Building namespace list...
Building file list...
Building class list...
Associating documentation with classes...
Computing nesting relations for classes...
Building example list...
Searching for enumerations...
Searching for documented typedefs...
Searching for members imported via using declarations...
Searching for included using directives...
Searching for documented variables...
Building interface member list...
Building member list...
Searching for friends...
Searching for documented defines...
Computing class inheritance relations...
Computing class usage relations...
Flushing cached template relations that have become invalid...
Creating members for template instances...
Computing class relations...
Add enum values to enums...
Searching for member function documentation...
Building page list...
Search for main page...
Computing page relations...
Determining the scope of groups...
Sorting lists...
Freeing entry tree
Determining which enums are documented
Computing member relations...
Building full member lists recursively...
Adding members to member groups.
Computing member references...
Inheriting documentation...
Generating disk names...
Adding source references...
Adding xrefitems...
Sorting member lists...
Computing dependencies between directories...
Generating citations page...
Counting data structures...
Resolving user defined references...
Finding anchors and sections in the documentation...
Transferring function references...
Combining using relations...
Adding members to index pages...
Generating style sheet...
Generating search indices...
Generating example documentation...
Generating file sources...
Generating code for file /home/travis/build/blushiemagic/tModLoader/patches/tModLoader/Terraria.ModLoader.Exceptions/AddRecipesException.cs...
Generating code for file /home/travis/build/blushiemagic/tModLoader/patches/tModLoader/Terraria.ModLoader.Exceptions/CustomModDataException.cs...
Generating code for file /home/travis/build/blushiemagic/tModLoader/patches/tModLoader/Terraria.ModLoader.Exceptions/MissingResourceException.cs...
Generating code for file /home/travis/build/blushiemagic/tModLoader/patches/tModLoader/Terraria.ModLoader.Exceptions/ModNameException.cs...
Generating code for file /home/travis/build/blushiemagic/tModLoader/patches/tModLoader/Terraria.ModLoader.Exceptions/ModSortingException.cs...
Generating code for file /home/travis/build/blushiemagic/tModLoader/patches/tModLoader/Terraria.ModLoader.Exceptions/OldHookException.cs...
Generating code for file /home/travis/build/blushiemagic/tModLoader/patches/tModLoader/Terraria.ModLoader.Exceptions/RecipeException.cs...
Generating code for file /home/travis/build/blushiemagic/tModLoader/patches/tModLoader/Terraria.ModLoader.Exceptions/ResourceLoadException.cs...
Generating code for file /home/travis/build/blushiemagic/tModLoader/patches/tModLoader/Terraria.ModLoader.IO/BigEndian.cs...
Generating code for file /home/travis/build/blushiemagic/tModLoader/patches/tModLoader/Terraria.ModLoader.IO/BinaryIO.cs...
Generating code for file /home/travis/build/blushiemagic/tModLoader/patches/tModLoader/Terraria.ModLoader.IO/FontCacheIO.cs...
Generating code for file /home/travis/build/blushiemagic/tModLoader/patches/tModLoader/Terraria.ModLoader.IO/ImageIO.cs...
Generating code for file /home/travis/build/blushiemagic/tModLoader/patches/tModLoader/Terraria.ModLoader.IO/ItemIO.cs...
Generating code for file /home/travis/build/blushiemagic/tModLoader/patches/tModLoader/Terraria.ModLoader.IO/MapIO.cs...
Generating code for file /home/travis/build/blushiemagic/tModLoader/patches/tModLoader/Terraria.ModLoader.IO/PlayerIO.cs...
Generating code for file /home/travis/build/blushiemagic/tModLoader/patches/tModLoader/Terraria.ModLoader.IO/TagCompound.cs...
Generating code for file /home/travis/build/blushiemagic/tModLoader/patches/tModLoader/Terraria.ModLoader.IO/TagIO.cs...
Generating code for file /home/travis/build/blushiemagic/tModLoader/patches/tModLoader/Terraria.ModLoader.IO/TagPrinter.cs...
Generating code for file /home/travis/build/blushiemagic/tModLoader/patches/tModLoader/Terraria.ModLoader.IO/TagSerializable.cs...
Generating code for file /home/travis/build/blushiemagic/tModLoader/patches/tModLoader/Terraria.ModLoader.IO/TagSerializer.cs...
Generating code for file /home/travis/build/blushiemagic/tModLoader/patches/tModLoader/Terraria.ModLoader.IO/TileIO.cs...
Generating code for file /home/travis/build/blushiemagic/tModLoader/patches/tModLoader/Terraria.ModLoader.IO/TmodFile.cs...
Generating code for file /home/travis/build/blushiemagic/tModLoader/patches/tModLoader/Terraria.ModLoader.IO/UploadFile.cs...
Generating code for file /home/travis/build/blushiemagic/tModLoader/patches/tModLoader/Terraria.ModLoader.IO/WAVCacheIO.cs...
Generating code for file /home/travis/build/blushiemagic/tModLoader/patches/tModLoader/Terraria.ModLoader.IO/WorldIO.cs...
Generating code for file /home/travis/build/blushiemagic/tModLoader/patches/tModLoader/Terraria.ModLoader/AssemblyManager.cs...
Generating code for file /home/travis/build/blushiemagic/tModLoader/patches/tModLoader/Terraria.ModLoader/AutoloadEquip.cs...
Generating code for file /home/travis/build/blushiemagic/tModLoader/patches/tModLoader/Terraria.ModLoader/AutoloadHead.cs...
Generating code for file /home/travis/build/blushiemagic/tModLoader/patches/tModLoader/Terraria.ModLoader/BackgroundStyleLoaders.cs...
Generating code for file /home/travis/build/blushiemagic/tModLoader/patches/tModLoader/Terraria.ModLoader/BackgroundTextureLoader.cs...
Generating code for file /home/travis/build/blushiemagic/tModLoader/patches/tModLoader/Terraria.ModLoader/BuffLoader.cs...
Generating code for file /home/travis/build/blushiemagic/tModLoader/patches/tModLoader/Terraria.ModLoader/BuildProperties.cs...
Generating code for file /home/travis/build/blushiemagic/tModLoader/patches/tModLoader/Terraria.ModLoader/CommandManager.cs...
Generating code for file /home/travis/build/blushiemagic/tModLoader/patches/tModLoader/Terraria.ModLoader/ConvertiblePlants.cs...
Generating code for file /home/travis/build/blushiemagic/tModLoader/patches/tModLoader/Terraria.ModLoader/DrawableTooltipLine.cs...
Generating code for file /home/travis/build/blushiemagic/tModLoader/patches/tModLoader/Terraria.ModLoader/DrawInfo.cs...
Generating code for file /home/travis/build/blushiemagic/tModLoader/patches/tModLoader/Terraria.ModLoader/DrawLayer.cs...
Generating code for file /home/travis/build/blushiemagic/tModLoader/patches/tModLoader/Terraria.ModLoader/EquipLoader.cs...
Generating code for file /home/travis/build/blushiemagic/tModLoader/patches/tModLoader/Terraria.ModLoader/EquipTexture.cs...
Generating code for file /home/travis/build/blushiemagic/tModLoader/patches/tModLoader/Terraria.ModLoader/EquipType.cs...
Generating code for file /home/travis/build/blushiemagic/tModLoader/patches/tModLoader/Terraria.ModLoader/ErrorLogger.cs...
Generating code for file /home/travis/build/blushiemagic/tModLoader/patches/tModLoader/Terraria.ModLoader/GlobalBuff.cs...
Generating code for file /home/travis/build/blushiemagic/tModLoader/patches/tModLoader/Terraria.ModLoader/GlobalItem.cs...
Generating code for file /home/travis/build/blushiemagic/tModLoader/patches/tModLoader/Terraria.ModLoader/GlobalNPC.cs...
Generating code for file /home/travis/build/blushiemagic/tModLoader/patches/tModLoader/Terraria.ModLoader/GlobalProjectile.cs...
Generating code for file /home/travis/build/blushiemagic/tModLoader/patches/tModLoader/Terraria.ModLoader/GlobalRecipe.cs...
Generating code for file /home/travis/build/blushiemagic/tModLoader/patches/tModLoader/Terraria.ModLoader/GlobalTile.cs...
Generating code for file /home/travis/build/blushiemagic/tModLoader/patches/tModLoader/Terraria.ModLoader/GlobalWall.cs...
Generating code for file /home/travis/build/blushiemagic/tModLoader/patches/tModLoader/Terraria.ModLoader/Interface.cs...
Generating code for file /home/travis/build/blushiemagic/tModLoader/patches/tModLoader/Terraria.ModLoader/ItemLoader.cs...
Generating code for file /home/travis/build/blushiemagic/tModLoader/patches/tModLoader/Terraria.ModLoader/LocalMod.cs...
Generating code for file /home/travis/build/blushiemagic/tModLoader/patches/tModLoader/Terraria.ModLoader/MapEntry.cs...
Generating code for file /home/travis/build/blushiemagic/tModLoader/patches/tModLoader/Terraria.ModLoader/MapLegend.cs...
Generating code for file /home/travis/build/blushiemagic/tModLoader/patches/tModLoader/Terraria.ModLoader/MapLoader.cs...
Generating code for file /home/travis/build/blushiemagic/tModLoader/patches/tModLoader/Terraria.ModLoader/Mod.cs...
Generating code for file /home/travis/build/blushiemagic/tModLoader/patches/tModLoader/Terraria.ModLoader/ModBackgroundStyle.cs...
Generating code for file /home/travis/build/blushiemagic/tModLoader/patches/tModLoader/Terraria.ModLoader/ModBuff.cs...
Generating code for file /home/travis/build/blushiemagic/tModLoader/patches/tModLoader/Terraria.ModLoader/ModCommand.cs...
Generating code for file /home/travis/build/blushiemagic/tModLoader/patches/tModLoader/Terraria.ModLoader/ModCompile.cs...
Generating code for file /home/travis/build/blushiemagic/tModLoader/patches/tModLoader/Terraria.ModLoader/ModDust.cs...
Generating code for file /home/travis/build/blushiemagic/tModLoader/patches/tModLoader/Terraria.ModLoader/ModGore.cs...
Generating code for file /home/travis/build/blushiemagic/tModLoader/patches/tModLoader/Terraria.ModLoader/ModHooks.cs...
Generating code for file /home/travis/build/blushiemagic/tModLoader/patches/tModLoader/Terraria.ModLoader/ModHotkey.cs...
Generating code for file /home/travis/build/blushiemagic/tModLoader/patches/tModLoader/Terraria.ModLoader/ModItem.cs...
Generating code for file /home/travis/build/blushiemagic/tModLoader/patches/tModLoader/Terraria.ModLoader/ModLoader.cs...
Generating code for file /home/travis/build/blushiemagic/tModLoader/patches/tModLoader/Terraria.ModLoader/ModMountData.cs...
Generating code for file /home/travis/build/blushiemagic/tModLoader/patches/tModLoader/Terraria.ModLoader/ModNet.cs...
Generating code for file /home/travis/build/blushiemagic/tModLoader/patches/tModLoader/Terraria.ModLoader/ModNPC.cs...
Generating code for file /home/travis/build/blushiemagic/tModLoader/patches/tModLoader/Terraria.ModLoader/ModPacket.cs...
Generating code for file /home/travis/build/blushiemagic/tModLoader/patches/tModLoader/Terraria.ModLoader/ModPlayer.cs...
Generating code for file /home/travis/build/blushiemagic/tModLoader/patches/tModLoader/Terraria.ModLoader/ModPrefix.cs...
Generating code for file /home/travis/build/blushiemagic/tModLoader/patches/tModLoader/Terraria.ModLoader/ModProjectile.cs...
Generating code for file /home/travis/build/blushiemagic/tModLoader/patches/tModLoader/Terraria.ModLoader/ModProperties.cs...
Generating code for file /home/travis/build/blushiemagic/tModLoader/patches/tModLoader/Terraria.ModLoader/ModRecipe.cs...
Generating code for file /home/travis/build/blushiemagic/tModLoader/patches/tModLoader/Terraria.ModLoader/ModSide.cs...
Generating code for file /home/travis/build/blushiemagic/tModLoader/patches/tModLoader/Terraria.ModLoader/ModSound.cs...
Generating code for file /home/travis/build/blushiemagic/tModLoader/patches/tModLoader/Terraria.ModLoader/ModTile.cs...
Generating code for file /home/travis/build/blushiemagic/tModLoader/patches/tModLoader/Terraria.ModLoader/ModTileEntity.cs...
Generating code for file /home/travis/build/blushiemagic/tModLoader/patches/tModLoader/Terraria.ModLoader/ModTranslation.cs...
Generating code for file /home/travis/build/blushiemagic/tModLoader/patches/tModLoader/Terraria.ModLoader/ModWall.cs...
Generating code for file /home/travis/build/blushiemagic/tModLoader/patches/tModLoader/Terraria.ModLoader/ModWaterStyle.cs...
Generating code for file /home/travis/build/blushiemagic/tModLoader/patches/tModLoader/Terraria.ModLoader/ModWorld.cs...
Generating code for file /home/travis/build/blushiemagic/tModLoader/patches/tModLoader/Terraria.ModLoader/MountLoader.cs...
Generating code for file /home/travis/build/blushiemagic/tModLoader/patches/tModLoader/Terraria.ModLoader/MountTextureType.cs...
Generating code for file /home/travis/build/blushiemagic/tModLoader/patches/tModLoader/Terraria.ModLoader/MusicPriority.cs...
Generating code for file /home/travis/build/blushiemagic/tModLoader/patches/tModLoader/Terraria.ModLoader/NPCHeadLoader.cs...
Generating code for file /home/travis/build/blushiemagic/tModLoader/patches/tModLoader/Terraria.ModLoader/NPCLoader.cs...
Generating code for file /home/travis/build/blushiemagic/tModLoader/patches/tModLoader/Terraria.ModLoader/NPCSpawnHelper.cs...
Generating code for file /home/travis/build/blushiemagic/tModLoader/patches/tModLoader/Terraria.ModLoader/NPCSpawnInfo.cs...
Generating code for file /home/travis/build/blushiemagic/tModLoader/patches/tModLoader/Terraria.ModLoader/PlayerHooks.cs...
Generating code for file /home/travis/build/blushiemagic/tModLoader/patches/tModLoader/Terraria.ModLoader/ProjectileLoader.cs...
Generating code for file /home/travis/build/blushiemagic/tModLoader/patches/tModLoader/Terraria.ModLoader/RecipeEditor.cs...
Generating code for file /home/travis/build/blushiemagic/tModLoader/patches/tModLoader/Terraria.ModLoader/RecipeFinder.cs...
Generating code for file /home/travis/build/blushiemagic/tModLoader/patches/tModLoader/Terraria.ModLoader/RecipeGroupHelper.cs...
Generating code for file /home/travis/build/blushiemagic/tModLoader/patches/tModLoader/Terraria.ModLoader/RecipeHooks.cs...
Generating code for file /home/travis/build/blushiemagic/tModLoader/patches/tModLoader/Terraria.ModLoader/SoundLoader.cs...
Generating code for file /home/travis/build/blushiemagic/tModLoader/patches/tModLoader/Terraria.ModLoader/SoundType.cs...
Generating code for file /home/travis/build/blushiemagic/tModLoader/patches/tModLoader/Terraria.ModLoader/TileLoader.cs...
Generating code for file /home/travis/build/blushiemagic/tModLoader/patches/tModLoader/Terraria.ModLoader/TooltipLine.cs...
Generating code for file /home/travis/build/blushiemagic/tModLoader/patches/tModLoader/Terraria.ModLoader/TopoSort.cs...
Generating code for file /home/travis/build/blushiemagic/tModLoader/patches/tModLoader/Terraria.ModLoader/WallLoader.cs...
Generating code for file /home/travis/build/blushiemagic/tModLoader/patches/tModLoader/Terraria.ModLoader/WaterStyleLoader.cs...
Generating code for file /home/travis/build/blushiemagic/tModLoader/patches/tModLoader/Terraria.ModLoader/WorldHooks.cs...
Generating file documentation...
Generating docs for file /home/travis/build/blushiemagic/tModLoader/patches/tModLoader/Terraria.ModLoader.Exceptions/AddRecipesException.cs...
Generating docs for file /home/travis/build/blushiemagic/tModLoader/patches/tModLoader/Terraria.ModLoader.Exceptions/CustomModDataException.cs...
Generating docs for file /home/travis/build/blushiemagic/tModLoader/patches/tModLoader/Terraria.ModLoader.Exceptions/MissingResourceException.cs...
Generating docs for file /home/travis/build/blushiemagic/tModLoader/patches/tModLoader/Terraria.ModLoader.Exceptions/ModNameException.cs...
Generating docs for file /home/travis/build/blushiemagic/tModLoader/patches/tModLoader/Terraria.ModLoader.Exceptions/ModSortingException.cs...
Generating docs for file /home/travis/build/blushiemagic/tModLoader/patches/tModLoader/Terraria.ModLoader.Exceptions/OldHookException.cs...
Generating docs for file /home/travis/build/blushiemagic/tModLoader/patches/tModLoader/Terraria.ModLoader.Exceptions/RecipeException.cs...
Generating docs for file /home/travis/build/blushiemagic/tModLoader/patches/tModLoader/Terraria.ModLoader.Exceptions/ResourceLoadException.cs...
Generating docs for file /home/travis/build/blushiemagic/tModLoader/patches/tModLoader/Terraria.ModLoader.IO/BigEndian.cs...
Generating docs for file /home/travis/build/blushiemagic/tModLoader/patches/tModLoader/Terraria.ModLoader.IO/BinaryIO.cs...
Generating docs for file /home/travis/build/blushiemagic/tModLoader/patches/tModLoader/Terraria.ModLoader.IO/FontCacheIO.cs...
Generating docs for file /home/travis/build/blushiemagic/tModLoader/patches/tModLoader/Terraria.ModLoader.IO/ImageIO.cs...
Generating docs for file /home/travis/build/blushiemagic/tModLoader/patches/tModLoader/Terraria.ModLoader.IO/ItemIO.cs...
Generating docs for file /home/travis/build/blushiemagic/tModLoader/patches/tModLoader/Terraria.ModLoader.IO/MapIO.cs...
Generating docs for file /home/travis/build/blushiemagic/tModLoader/patches/tModLoader/Terraria.ModLoader.IO/PlayerIO.cs...
Generating docs for file /home/travis/build/blushiemagic/tModLoader/patches/tModLoader/Terraria.ModLoader.IO/TagCompound.cs...
Generating docs for file /home/travis/build/blushiemagic/tModLoader/patches/tModLoader/Terraria.ModLoader.IO/TagIO.cs...
Generating docs for file /home/travis/build/blushiemagic/tModLoader/patches/tModLoader/Terraria.ModLoader.IO/TagPrinter.cs...
Generating docs for file /home/travis/build/blushiemagic/tModLoader/patches/tModLoader/Terraria.ModLoader.IO/TagSerializable.cs...
Generating docs for file /home/travis/build/blushiemagic/tModLoader/patches/tModLoader/Terraria.ModLoader.IO/TagSerializer.cs...
Generating docs for file /home/travis/build/blushiemagic/tModLoader/patches/tModLoader/Terraria.ModLoader.IO/TileIO.cs...
Generating docs for file /home/travis/build/blushiemagic/tModLoader/patches/tModLoader/Terraria.ModLoader.IO/TmodFile.cs...
Generating docs for file /home/travis/build/blushiemagic/tModLoader/patches/tModLoader/Terraria.ModLoader.IO/UploadFile.cs...
Generating docs for file /home/travis/build/blushiemagic/tModLoader/patches/tModLoader/Terraria.ModLoader.IO/WAVCacheIO.cs...
Generating docs for file /home/travis/build/blushiemagic/tModLoader/patches/tModLoader/Terraria.ModLoader.IO/WorldIO.cs...
Generating docs for file /home/travis/build/blushiemagic/tModLoader/patches/tModLoader/Terraria.ModLoader/AssemblyManager.cs...
Generating docs for file /home/travis/build/blushiemagic/tModLoader/patches/tModLoader/Terraria.ModLoader/AutoloadEquip.cs...
Generating docs for file /home/travis/build/blushiemagic/tModLoader/patches/tModLoader/Terraria.ModLoader/AutoloadHead.cs...
Generating docs for file /home/travis/build/blushiemagic/tModLoader/patches/tModLoader/Terraria.ModLoader/BackgroundStyleLoaders.cs...
Generating docs for file /home/travis/build/blushiemagic/tModLoader/patches/tModLoader/Terraria.ModLoader/BackgroundTextureLoader.cs...
Generating docs for file /home/travis/build/blushiemagic/tModLoader/patches/tModLoader/Terraria.ModLoader/BuffLoader.cs...
Generating docs for file /home/travis/build/blushiemagic/tModLoader/patches/tModLoader/Terraria.ModLoader/BuildProperties.cs...
Generating docs for file /home/travis/build/blushiemagic/tModLoader/patches/tModLoader/Terraria.ModLoader/CommandManager.cs...
Generating docs for file /home/travis/build/blushiemagic/tModLoader/patches/tModLoader/Terraria.ModLoader/ConvertiblePlants.cs...
Generating docs for file /home/travis/build/blushiemagic/tModLoader/patches/tModLoader/Terraria.ModLoader/DrawableTooltipLine.cs...
Generating docs for file /home/travis/build/blushiemagic/tModLoader/patches/tModLoader/Terraria.ModLoader/DrawInfo.cs...
Generating docs for file /home/travis/build/blushiemagic/tModLoader/patches/tModLoader/Terraria.ModLoader/DrawLayer.cs...
Generating docs for file /home/travis/build/blushiemagic/tModLoader/patches/tModLoader/Terraria.ModLoader/EquipLoader.cs...
Generating docs for file /home/travis/build/blushiemagic/tModLoader/patches/tModLoader/Terraria.ModLoader/EquipTexture.cs...
Generating docs for file /home/travis/build/blushiemagic/tModLoader/patches/tModLoader/Terraria.ModLoader/EquipType.cs...
Generating docs for file /home/travis/build/blushiemagic/tModLoader/patches/tModLoader/Terraria.ModLoader/ErrorLogger.cs...
Generating docs for file /home/travis/build/blushiemagic/tModLoader/patches/tModLoader/Terraria.ModLoader/GlobalBuff.cs...
Generating docs for file /home/travis/build/blushiemagic/tModLoader/patches/tModLoader/Terraria.ModLoader/GlobalItem.cs...
Generating docs for file /home/travis/build/blushiemagic/tModLoader/patches/tModLoader/Terraria.ModLoader/GlobalNPC.cs...
Generating docs for file /home/travis/build/blushiemagic/tModLoader/patches/tModLoader/Terraria.ModLoader/GlobalProjectile.cs...
Generating docs for file /home/travis/build/blushiemagic/tModLoader/patches/tModLoader/Terraria.ModLoader/GlobalRecipe.cs...
Generating docs for file /home/travis/build/blushiemagic/tModLoader/patches/tModLoader/Terraria.ModLoader/GlobalTile.cs...
Generating docs for file /home/travis/build/blushiemagic/tModLoader/patches/tModLoader/Terraria.ModLoader/GlobalWall.cs...
Generating docs for file /home/travis/build/blushiemagic/tModLoader/patches/tModLoader/Terraria.ModLoader/Interface.cs...
Generating docs for file /home/travis/build/blushiemagic/tModLoader/patches/tModLoader/Terraria.ModLoader/ItemLoader.cs...
Generating docs for file /home/travis/build/blushiemagic/tModLoader/patches/tModLoader/Terraria.ModLoader/LocalMod.cs...
Generating docs for file /home/travis/build/blushiemagic/tModLoader/patches/tModLoader/Terraria.ModLoader/MapEntry.cs...
Generating docs for file /home/travis/build/blushiemagic/tModLoader/patches/tModLoader/Terraria.ModLoader/MapLegend.cs...
Generating docs for file /home/travis/build/blushiemagic/tModLoader/patches/tModLoader/Terraria.ModLoader/MapLoader.cs...
Generating docs for file /home/travis/build/blushiemagic/tModLoader/patches/tModLoader/Terraria.ModLoader/Mod.cs...
Generating docs for file /home/travis/build/blushiemagic/tModLoader/patches/tModLoader/Terraria.ModLoader/ModBackgroundStyle.cs...
Generating docs for file /home/travis/build/blushiemagic/tModLoader/patches/tModLoader/Terraria.ModLoader/ModBuff.cs...
Generating docs for file /home/travis/build/blushiemagic/tModLoader/patches/tModLoader/Terraria.ModLoader/ModCommand.cs...
Generating docs for file /home/travis/build/blushiemagic/tModLoader/patches/tModLoader/Terraria.ModLoader/ModCompile.cs...
Generating docs for file /home/travis/build/blushiemagic/tModLoader/patches/tModLoader/Terraria.ModLoader/ModDust.cs...
Generating docs for file /home/travis/build/blushiemagic/tModLoader/patches/tModLoader/Terraria.ModLoader/ModGore.cs...
Generating docs for file /home/travis/build/blushiemagic/tModLoader/patches/tModLoader/Terraria.ModLoader/ModHooks.cs...
Generating docs for file /home/travis/build/blushiemagic/tModLoader/patches/tModLoader/Terraria.ModLoader/ModHotkey.cs...
Generating docs for file /home/travis/build/blushiemagic/tModLoader/patches/tModLoader/Terraria.ModLoader/ModItem.cs...
Generating docs for file /home/travis/build/blushiemagic/tModLoader/patches/tModLoader/Terraria.ModLoader/ModLoader.cs...
Generating docs for file /home/travis/build/blushiemagic/tModLoader/patches/tModLoader/Terraria.ModLoader/ModMountData.cs...
Generating docs for file /home/travis/build/blushiemagic/tModLoader/patches/tModLoader/Terraria.ModLoader/ModNet.cs...
Generating docs for file /home/travis/build/blushiemagic/tModLoader/patches/tModLoader/Terraria.ModLoader/ModNPC.cs...
Generating docs for file /home/travis/build/blushiemagic/tModLoader/patches/tModLoader/Terraria.ModLoader/ModPacket.cs...
Generating docs for file /home/travis/build/blushiemagic/tModLoader/patches/tModLoader/Terraria.ModLoader/ModPlayer.cs...
Generating docs for file /home/travis/build/blushiemagic/tModLoader/patches/tModLoader/Terraria.ModLoader/ModPrefix.cs...
Generating docs for file /home/travis/build/blushiemagic/tModLoader/patches/tModLoader/Terraria.ModLoader/ModProjectile.cs...
Generating docs for file /home/travis/build/blushiemagic/tModLoader/patches/tModLoader/Terraria.ModLoader/ModProperties.cs...
Generating docs for file /home/travis/build/blushiemagic/tModLoader/patches/tModLoader/Terraria.ModLoader/ModRecipe.cs...
Generating docs for file /home/travis/build/blushiemagic/tModLoader/patches/tModLoader/Terraria.ModLoader/ModSide.cs...
Generating docs for file /home/travis/build/blushiemagic/tModLoader/patches/tModLoader/Terraria.ModLoader/ModSound.cs...
Generating docs for file /home/travis/build/blushiemagic/tModLoader/patches/tModLoader/Terraria.ModLoader/ModTile.cs...
Generating docs for file /home/travis/build/blushiemagic/tModLoader/patches/tModLoader/Terraria.ModLoader/ModTileEntity.cs...
Generating docs for file /home/travis/build/blushiemagic/tModLoader/patches/tModLoader/Terraria.ModLoader/ModTranslation.cs...
Generating docs for file /home/travis/build/blushiemagic/tModLoader/patches/tModLoader/Terraria.ModLoader/ModWall.cs...
Generating docs for file /home/travis/build/blushiemagic/tModLoader/patches/tModLoader/Terraria.ModLoader/ModWaterStyle.cs...
Generating docs for file /home/travis/build/blushiemagic/tModLoader/patches/tModLoader/Terraria.ModLoader/ModWorld.cs...
Generating docs for file /home/travis/build/blushiemagic/tModLoader/patches/tModLoader/Terraria.ModLoader/MountLoader.cs...
Generating docs for file /home/travis/build/blushiemagic/tModLoader/patches/tModLoader/Terraria.ModLoader/MountTextureType.cs...
Generating docs for file /home/travis/build/blushiemagic/tModLoader/patches/tModLoader/Terraria.ModLoader/MusicPriority.cs...
Generating docs for file /home/travis/build/blushiemagic/tModLoader/patches/tModLoader/Terraria.ModLoader/NPCHeadLoader.cs...
Generating docs for file /home/travis/build/blushiemagic/tModLoader/patches/tModLoader/Terraria.ModLoader/NPCLoader.cs...
Generating docs for file /home/travis/build/blushiemagic/tModLoader/patches/tModLoader/Terraria.ModLoader/NPCSpawnHelper.cs...
Generating docs for file /home/travis/build/blushiemagic/tModLoader/patches/tModLoader/Terraria.ModLoader/NPCSpawnInfo.cs...
Generating docs for file /home/travis/build/blushiemagic/tModLoader/patches/tModLoader/Terraria.ModLoader/PlayerHooks.cs...
Generating docs for file /home/travis/build/blushiemagic/tModLoader/patches/tModLoader/Terraria.ModLoader/ProjectileLoader.cs...
Generating docs for file /home/travis/build/blushiemagic/tModLoader/patches/tModLoader/Terraria.ModLoader/RecipeEditor.cs...
Generating docs for file /home/travis/build/blushiemagic/tModLoader/patches/tModLoader/Terraria.ModLoader/RecipeFinder.cs...
Generating docs for file /home/travis/build/blushiemagic/tModLoader/patches/tModLoader/Terraria.ModLoader/RecipeGroupHelper.cs...
Generating docs for file /home/travis/build/blushiemagic/tModLoader/patches/tModLoader/Terraria.ModLoader/RecipeHooks.cs...
Generating docs for file /home/travis/build/blushiemagic/tModLoader/patches/tModLoader/Terraria.ModLoader/SoundLoader.cs...
Generating docs for file /home/travis/build/blushiemagic/tModLoader/patches/tModLoader/Terraria.ModLoader/SoundType.cs...
Generating docs for file /home/travis/build/blushiemagic/tModLoader/patches/tModLoader/Terraria.ModLoader/TileLoader.cs...
Generating docs for file /home/travis/build/blushiemagic/tModLoader/patches/tModLoader/Terraria.ModLoader/TooltipLine.cs...
Generating docs for file /home/travis/build/blushiemagic/tModLoader/patches/tModLoader/Terraria.ModLoader/TopoSort.cs...
Generating docs for file /home/travis/build/blushiemagic/tModLoader/patches/tModLoader/Terraria.ModLoader/WallLoader.cs...
Generating docs for file /home/travis/build/blushiemagic/tModLoader/patches/tModLoader/Terraria.ModLoader/WaterStyleLoader.cs...
Generating docs for file /home/travis/build/blushiemagic/tModLoader/patches/tModLoader/Terraria.ModLoader/WorldHooks.cs...
Generating page documentation...
Generating group documentation...
Generating class documentation...
Generating docs for compound Attribute...
Generating docs for compound BinaryReader...
Generating docs for compound BinaryWriter...
Generating docs for compound DefaultAssemblyResolver...
Generating docs for compound ICloneable...
Generating docs for compound IEnumerable< KeyValuePair< string, byte[]>>...
Generating docs for compound IEnumerable< KeyValuePair< string, object >>...
Generating docs for compound IOException...
Generating docs for compound ISymbolWriter...
Generating docs for compound ISymbolWriterProvider...
Generating docs for compound TileEntity...
Generating namespace index...
Generating docs for namespace Terraria
Generating docs for namespace Terraria::ModLoader
Generating docs for nested compound Terraria::ModLoader::AssemblyManager::LoadedMod...
Generating docs for nested compound Terraria::ModLoader::AssemblyManager::SymbolWriterProvider::HeaderCopyWriter...
Generating docs for compound Terraria::ModLoader::AutoloadBossHead...
Generating docs for compound Terraria::ModLoader::AutoloadEquip...
Generating docs for compound Terraria::ModLoader::AutoloadHead...
Generating docs for compound Terraria::ModLoader::BackgroundTextureLoader...
Generating docs for compound Terraria::ModLoader::BuffLoader...
Generating docs for compound Terraria::ModLoader::CommandCaller...
Generating docs for compound Terraria::ModLoader::CommandManager...
Generating docs for compoun/home/travis/build/blushiemagic/tModLoader/patches/tModLoader/Terraria.ModLoader/GlobalItem.cs:454: warning: The following parameters of Terraria.ModLoader.GlobalItem.SetMatch(int armorSlot, int type, bool male, ref int equipSlot, ref bool robes) are not documented:
  parameter 'male'
/home/travis/build/blushiemagic/tModLoader/patches/tModLoader/Terraria.ModLoader/GlobalTile.cs:278: warning: The following parameters of Terraria.ModLoader.GlobalTile.SpecialDraw(int i, int j, int type, SpriteBatch spriteBatch) are not documented:
  parameter 'type'
  parameter 'spriteBatch'
/home/travis/build/blushiemagic/tModLoader/patches/tModLoader/Terraria.ModLoader/ItemLoader.cs:1075: warning: The following parameters of Terraria.ModLoader.ItemLoader.ReforgePrice(Item item, ref int reforgePrice, ref bool canApplyDiscount) are not documented:
  parameter 'item'
  parameter 'reforgePrice'
/home/travis/build/blushiemagic/tModLoader/patches/tModLoader/Terraria.ModLoader/Mod.cs:1307: warning: The following parameters of Terraria.ModLoader.Mod.AddBossHeadTexture(string texture, int npcType=-1) are not documented:
  parameter 'npcType'
/home/travis/build/blushiemagic/tModLoader/patches/tModLoader/Terraria.ModLoader/Mod.cs:1189: warning: argument 'texture' of command @param is not found in the argument list of Terraria.ModLoader.Mod::AddNPC(string name, ModNPC npc)
/home/travis/build/blushiemagic/tModLoader/patches/tModLoader/Terraria.ModLoader/Mod.cs:1189: warning: argument 'altTextures' of command @param is not found in the argument list of Terraria.ModLoader.Mod::AddNPC(string name, ModNPC npc)
/home/travis/build/blushiemagic/tModLoader/patches/tModLoader/Terraria.ModLoader/Mod.cs:674: warning: argument 'item' of command @param is not found in the argument list of Terraria.ModLoader.Mod::AddPrefix(string name, ModPrefix prefix)
/home/travis/build/blushiemagic/tModLoader/patches/tModLoader/Terraria.ModLoader/Mod.cs:674: warning: The following parameters of Terraria.ModLoader.Mod.AddPrefix(string name, ModPrefix prefix) are not documented:
  parameter 'prefix'
d Terraria::ModLoader::DrawableTooltipLine...
Generating docs for compound Terraria::ModLoader::DrawLayer< InfoType >...
Generating docs for compound Terraria::ModLoader::EquipLoader...
Generating docs for compound Terraria::ModLoader::EquipTexture...
Generating caller graph for function Terraria.ModLoader.EquipTexture.ArmorSetShadows
Generating caller graph for function Terraria.ModLoader.EquipTexture.DrawBody
Generating caller graph for function Terraria.ModLoader.EquipTexture.DrawHead
Generating caller graph for function Terraria.ModLoader.EquipTexture.DrawLegs
Generating caller graph for function Terraria.ModLoader.EquipTexture.IsVanitySet
Generating caller graph for function Terraria.ModLoader.EquipTexture.PreUpdateVanitySet
Generating caller graph for function Terraria.ModLoader.EquipTexture.UpdateVanitySet
Generating docs for compound Terraria::ModLoader::ErrorLogger...
Generating docs for compound Terraria::ModLoader::GlobalBgStyle...
Generating caller graph for function Terraria.ModLoader.GlobalBgStyle.Autoload
Generating docs for compound Terraria::ModLoader::GlobalBuff...
Generating caller graph for function Terraria.ModLoader.GlobalBuff.Autoload
Generating docs for compound Terraria::ModLoader::GlobalItem...
Generating caller graph for function Terraria.ModLoader.GlobalItem.ArmorSetShadows
Generating caller graph for function Terraria.ModLoader.GlobalItem.Autoload
Generating caller graph for function Terraria.ModLoader.GlobalItem.PreUpdateVanitySet
Generating caller graph for function Terraria.ModLoader.GlobalItem.UpdateArmorSet
Generating caller graph for function Terraria.ModLoader.GlobalItem.UpdateVanitySet
Generating docs for compound Terraria::ModLoader::GlobalNPC...
Generating caller graph for function Terraria.ModLoader.GlobalNPC.Autoload
Generating caller graph for function Terraria.ModLoader.GlobalNPC.Instance
Generating docs for compound Terraria::ModLoader::GlobalProjectile...
Generating caller graph for function Terraria.ModLoader.GlobalProjectile.Autoload
Generating caller graph for function Terraria.ModLoader.GlobalProjectile.Instance
Generating docs for compound Terraria::ModLoader::GlobalRecipe...
Generating caller graph for function Terraria.ModLoader.GlobalRecipe.Autoload
Generating caller graph for function Terraria.ModLoader.GlobalRecipe.RecipeAvailable
Generating docs for compound Terraria::ModLoader::GlobalTile...
Generating caller graph for function Terraria.ModLoader.GlobalTile.Autoload
Generating docs for compound Terraria::ModLoader::GlobalWall...
Generating caller graph for function Terraria.ModLoader.GlobalWall.Autoload
Generating docs for compound Terraria::ModLoader::ItemLoader...
Generating call graph for function Terraria.ModLoader.ItemLoader.ArmorSetShadows
Generating call graph for function Terraria.ModLoader.ItemLoader.DrawBody
Generating call graph for function Terraria.ModLoader.ItemLoader.DrawHead
Generating call graph for function Terraria.ModLoader.ItemLoader.DrawLegs
Generating caller graph for function Terraria.ModLoader.ItemLoader.GetItem
Generating call graph for function Terraria.ModLoader.ItemLoader.PreUpdateVanitySet
Generating call graph for function Terraria.ModLoader.ItemLoader.UpdateArmorSet
Generating call graph for function Terraria.ModLoader.ItemLoader.UpdateVanitySet
Generating docs for nested compound Terraria::ModLoader::ItemLoader::HookList...
Generating docs for compound Terraria::ModLoader::MapLegend...
Generating docs for compound Terraria::ModLoader::Mod...
Generating call graph for function Terraria.ModLoader.Mod.AddDust
Generating call graph for function Terraria.ModLoader.Mod.AddEquipTexture
Generating call graph for function Terraria.ModLoader.Mod.AddMount
Generating call graph for function Terraria.ModLoader.Mod.AddMusicBox
Generating call graph for function Terraria.ModLoader.Mod.AutoloadBuff
Generating call graph for function Terraria.ModLoader.Mod.AutoloadDust
Generating call graph for function Terraria.ModLoader.Mod.AutoloadGlobalBgStyle
Generating call graph for function Terraria.ModLoader.Mod.AutoloadGlobalBuff
Generating call graph for /home/travis/build/blushiemagic/tModLoader/patches/tModLoader/Terraria.ModLoader/Mod.cs:640: warning: The following parameters of Terraria.ModLoader.Mod.GetAccessorySlot(string name, EquipType type) are not documented:
  parameter 'type'
/home/travis/build/blushiemagic/tModLoader/patches/tModLoader/Terraria.ModLoader/Mod.cs:633: warning: The following parameters of Terraria.ModLoader.Mod.GetEquipSlot(string name, EquipType type) are not documented:
  parameter 'type'
/home/travis/build/blushiemagic/tModLoader/patches/tModLoader/Terraria.ModLoader/ModItem.cs:120: warning: argument 'itemClone' of command @param is not found in the argument list of Terraria.ModLoader.ModItem::Clone(Item item)
function Terraria.ModLoader.Mod.AutoloadGlobalItem
Generating call graph for function Terraria.ModLoader.Mod.AutoloadGlobalNPC
Generating call graph for function Terraria.ModLoader.Mod.AutoloadGlobalProjectile
Generating call graph for function Terraria.ModLoader.Mod.AutoloadGlobalRecipe
Generating call graph for function Terraria.ModLoader.Mod.AutoloadGlobalTile
Generating call graph for function Terraria.ModLoader.Mod.AutoloadGlobalWall
Generating call graph for function Terraria.ModLoader.Mod.AutoloadItem
Generating call graph for function Terraria.ModLoader.Mod.AutoloadModWorld
Generating call graph for function Terraria.ModLoader.Mod.AutoloadNPC
Generating call graph for function Terraria.ModLoader.Mod.AutoloadPlayer
Generating call graph for function Terraria.ModLoader.Mod.AutoloadPrefix
Generating call graph for function Terraria.ModLoader.Mod.AutoloadProjectile
Generating call graph for function Terraria.ModLoader.Mod.AutoloadSurfaceBgStyle
Generating call graph for function Terraria.ModLoader.Mod.AutoloadTile
Generating call graph for function Terraria.ModLoader.Mod.AutoloadTileEntity
Generating call graph for function Terraria.ModLoader.Mod.AutoloadUgBgStyle
Generating call graph for function Terraria.ModLoader.Mod.AutoloadWall
Generating call graph for function Terraria.ModLoader.Mod.AutoloadWaterfallStyle
Generating call graph for function Terraria.ModLoader.Mod.AutoloadWaterStyle
Generating call graph for function Terraria.ModLoader.Mod.LoadTexture
Generating docs for compound Terraria::ModLoader::ModBuff...
Generating caller graph for function Terraria.ModLoader.ModBuff.Autoload
Generating docs for compound Terraria::ModLoader::ModCactus...
Generating docs for compound Terraria::ModLoader::ModCommand...
Generating docs for nested compound Terraria::ModLoader::ModCompile::BuildingMod...
Generating docs for nested compound Terraria::ModLoader::ModCompile::ConsoleBuildStatus...
Generating docs for nested compound Terraria::ModLoader::ModCompile::IBuildStatus...
Generating docs for compound Terraria::ModLoader::ModDust...
Generating caller graph for function Terraria.ModLoader.ModDust.Autoload
Generating docs for compound Terraria::ModLoader::ModGore...
Generating docs for compound Terraria::ModLoader::ModHotKey...
Generating docs for compound Terraria::ModLoader::ModItem...
Generating caller graph for function Terraria.ModLoader.ModItem.Autoload
Generating call graph for function Terraria.ModLoader.ModItem.AutoStaticDefaults
Generating docs for compound Terraria::ModLoader::ModLoader...
Generating caller graph for function Terraria.ModLoader.ModLoader.GetTexture
Generating call graph for function Terraria.ModLoader.ModLoader.RefreshModLanguage
Generating caller graph for function Terraria.ModLoader.ModLoader.TextureExists
Generating docs for compound Terraria::ModLoader::ModMountData...
Generating docs for compound Terraria::ModLoader::ModNet...
Generating docs for nested compound Terraria::ModLoader::ModNet::ModHeader...
Generating docs for compound Terraria::ModLoader::ModNPC...
Generating caller graph for function Terraria.ModLoader.ModNPC.Autoload
Generating caller graph for function Terraria.ModLoader.ModNPC.CanTownNPCSpawn
Generating docs for compound Terraria::ModLoader::ModPacket...
Generating docs for compound Terraria::ModLoader::ModPalmTree...
Generating docs for compound Terraria::ModLoader::ModPlayer...
Generating caller graph for function Terraria.ModLoader.ModPlayer.Autoload
Generating docs for compound Terraria::ModLoader::ModPrefix...
Generating caller graph for function Terraria.ModLoader.ModPrefix.Autoload
Generating docs for compound Terraria::ModLoader::ModProjectile...
Generating caller graph for function Terraria.ModLoader.ModProjectile.Autoload
Generating docs for compound Terraria::ModLoader::ModProperties...
Generating docs for compound Terraria::ModLoader::ModRecipe...
Generating caller graph for function Terraria.ModLoader.ModRecipe.RecipeAvailable
Generating docs for compound Terraria::ModLoader::ModSideExtensions...
Generating docs for compound Terraria::ModLoader::ModSound...
Gen/home/travis/build/blushiemagic/tModLoader/patches/tModLoader/Terraria.ModLoader/ModTile.cs:541: warning: The following parameters of Terraria.ModLoader.ModTile.AutoSelect(int i, int j, Item item) are not documented:
  parameter 'item'
/home/travis/build/blushiemagic/tModLoader/patches/tModLoader/Terraria.ModLoader/ModTile.cs:323: warning: The following parameters of Terraria.ModLoader.ModTile.CanKillTile(int i, int j, ref bool blockDamaged) are not documented:
  parameter 'blockDamaged'
/home/travis/build/blushiemagic/tModLoader/patches/tModLoader/Terraria.ModLoader/ModTile.cs:293: warning: The following parameters of Terraria.ModLoader.ModTile.CreateDust(int i, int j, ref int type) are not documented:
  parameter 'type'
/home/travis/build/blushiemagic/tModLoader/patches/tModLoader/Terraria.ModLoader/ModTile.cs:379: warning: The following parameters of Terraria.ModLoader.ModTile.Dangersense(int i, int j, Player player) are not documented:
  parameter 'player'
/home/travis/build/blushiemagic/tModLoader/patches/tModLoader/Terraria.ModLoader/ModTile.cs:447: warning: The following parameters of Terraria.ModLoader.ModTile.DrawEffects(int i, int j, SpriteBatch spriteBatch, ref Color drawColor, ref int nextSpecialDrawIndex) are not documented:
  parameter 'spriteBatch'
  parameter 'drawColor'
/home/travis/build/blushiemagic/tModLoader/patches/tModLoader/Terraria.ModLoader/ModTile.cs:304: warning: The following parameters of Terraria.ModLoader.ModTile.DropCritterChance(int i, int j, ref int wormChance, ref int grassHopperChance, ref int jungleGrubChance) are not documented:
  parameter 'wormChance'
  parameter 'grassHopperChance'
  parameter 'jungleGrubChance'
/home/travis/build/blushiemagic/tModLoader/patches/tModLoader/Terraria.ModLoader/ModTile.cs:342: warning: The following parameters of Terraria.ModLoader.ModTile.KillMultiTile(int i, int j, int frameX, int frameY) are not documented:
  parameter 'frameX'
  parameter 'frameY'
/home/travis/build/blushiemagic/tModLoader/patches/tModLoader/Terraria.ModLoader/ModTile.cs:333: warning: The following parameters of Terraria.ModLoader.ModTile.KillTile(int i, int j, ref bool fail, ref bool effectOnly, ref bool noItem) are not documented:
  parameter 'fail'
  parameter 'effectOnly'
  parameter 'noItem'
/home/travis/build/blushiemagic/tModLoader/patches/tModLoader/Terraria.ModLoader/ModTile.cs:370: warning: The following parameters of Terraria.ModLoader.ModTile.ModifyLight(int i, int j, ref float r, ref float g, ref float b) are not documented:
  parameter 'r'
  parameter 'g'
  parameter 'b'
/home/travis/build/blushiemagic/tModLoader/patches/tModLoader/Terraria.ModLoader/ModTile.cs:361: warning: The following parameters of Terraria.ModLoader.ModTile.NearbyEffects(int i, int j, bool closer) are not documented:
  parameter 'closer'
/home/travis/build/blushiemagic/tModLoader/patches/tModLoader/Terraria.ModLoader/ModTile.cs:284: warning: The following parameters of Terraria.ModLoader.ModTile.NumDust(int i, int j, bool fail, ref int num) are not documented:
  parameter 'fail'
  parameter 'num'
/home/travis/build/blushiemagic/tModLoader/patches/tModLoader/Terraria.ModLoader/ModTile.cs:457: warning: The following parameters of Terraria.ModLoader.ModTile.PostDraw(int i, int j, SpriteBatch spriteBatch) are not documented:
  parameter 'spriteBatch'
/home/travis/build/blushiemagic/tModLoader/patches/tModLoader/Terraria.ModLoader/ModTile.cs:437: warning: The following parameters of Terraria.ModLoader.ModTile.PreDraw(int i, int j, SpriteBatch spriteBatch) are not documented:
  parameter 'spriteBatch'
/home/travis/build/blushiemagic/tModLoader/patches/tModLoader/Terraria.ModLoader/ModTile.cs:398: warning: The following parameters of Terraria.ModLoader.ModTile.SetDrawPositions(int i, int j, ref int width, ref int offsetY, ref int height) are not documented:
  parameter 'width'
  parameter 'offsetY'
  parameter 'height'
/home/travis/build/blushiemagic/tModLoader/patches/tModLoader/Terraria.ModLoader/ModTile.cs:389: warning: The following parameters of Terraria.ModLoader.ModTile.SetSpriteEffects(int i, int j, ref SpriteEffects spriteEffects) are not documented:
  parameter 'spriteEffects'
/home/travis/build/blushiemagic/tModLoader/patches/tModLoader/Terraria.ModLoader/ModTile.cs:466: warning: The following parameters of Terraria.ModLoader.ModTile.SpecialDraw(int i, int j, SpriteBatch spriteBatch) are not documented:
  parameter 'spriteBatch'
/home/travis/build/blushiemagic/tModLoader/patches/tModLoader/Terraria.ModLoader/ModTile.cs:494: warning: The following parameters of Terraria.ModLoader.ModTile.TileFrame(int i, int j, ref bool resetFrame, ref bool noBreak) are not documented:
  parameter 'resetFrame'
  parameter 'noBreak'
erating docs for compound Terraria::ModLoader::ModSurfaceBgStyle...
Generating caller graph for function Terraria.ModLoader.ModSurfaceBgStyle.Autoload
Generating docs for compound Terraria::ModLoader::ModTile...
Generating caller graph for function Terraria.ModLoader.ModTile.Autoload
Generating caller graph for function Terraria.ModLoader.ModTile.AutoSelect
Generating caller graph for function Terraria.ModLoader.ModTile.CanExplode
Generating caller graph for function Terraria.ModLoader.ModTile.Dangersense
Generating caller graph for function Terraria.ModLoader.ModTile.Drop
Generating caller graph for function Terraria.ModLoader.ModTile.KillSound
Generating docs for compound Terraria::ModLoader::ModTileEntity...
Generating caller graph for function Terraria.ModLoader.ModTileEntity.Autoload
Generating call graph for function Terraria.ModLoader.ModTileEntity.NetPlaceEntity
Generating caller graph for function Terraria.ModLoader.ModTileEntity.ValidTile
Generating docs for compound Terraria::ModLoader::ModTranslation...
Generating caller graph for function Terraria.ModLoader.ModTranslation.GetTranslation
Generating docs for compound Terraria::ModLoader::ModTree...
Generating docs for compound Terraria::ModLoader::ModUgBgStyle...
Generating caller graph for function Terraria.ModLoader.ModUgBgStyle.Autoload
Generating docs for compound Terraria::ModLoader::ModWall...
Generating caller graph for function Terraria.ModLoader.ModWall.Autoload
Generating caller graph for function Terraria.ModLoader.ModWall.KillSound
Generating docs for compound Terraria::ModLoader::ModWaterfallStyle...
Generating caller graph for function Terraria.ModLoader.ModWaterfallStyle.Autoload
Generating docs for compound Terraria::ModLoader::ModWaterStyle...
Generating caller graph for function Terraria.ModLoader.ModWaterStyle.Autoload
Generating caller graph for function Terraria.ModLoader.ModWaterStyle.ChooseWaterStyle
Generating docs for compound Terraria::ModLoader::ModWorld...
Generating caller graph for function Terraria.ModLoader.ModWorld.Autoload
Generating docs for compound Terraria::ModLoader::MountLoader...
Generating docs for compound Terraria::ModLoader::NPCHeadLoader...
Generating docs for compound Terraria::ModLoader::NPCLoader...
Generating call graph for function Terraria.ModLoader.NPCLoader.CanHitPlayer
Generating call graph for function Terraria.ModLoader.NPCLoader.CanTownNPCSpawn
Generating call graph for function Terraria.ModLoader.NPCLoader.CheckActive
Generating call graph for function Terraria.ModLoader.NPCLoader.CheckDead
Generating call graph for function Terraria.ModLoader.NPCLoader.PreAI
Generating call graph for function Terraria.ModLoader.NPCLoader.PreChatButtonClicked
Generating call graph for function Terraria.ModLoader.NPCLoader.PreDraw
Generating call graph for function Terraria.ModLoader.NPCLoader.PreNPCLoot
Generating call graph for function Terraria.ModLoader.NPCLoader.SpecialNPCLoot
Generating call graph for function Terraria.ModLoader.NPCLoader.StrikeNPC
Generating docs for nested compound Terraria::ModLoader::NPCLoader::HookList...
Generating docs for compound Terraria::ModLoader::NPCSpawnHelper...
Generating docs for compound Terraria::ModLoader::NPCSpawnInfo...
Generating docs for compound Terraria::ModLoader::PlayerDrawInfo...
Generating docs for compound Terraria::ModLoader::PlayerHeadDrawInfo...
Generating docs for compound Terraria::ModLoader::PlayerHeadLayer...
Generating docs for compound Terraria::ModLoader::PlayerHooks...
Generating docs for nested compound Terraria::ModLoader::PlayerHooks::HookList...
Generating docs for compound Terraria::ModLoader::PlayerLayer...
Generating docs for compound Terraria::ModLoader::ProjectileLoader...
Generating call graph for function Terraria.ModLoader.ProjectileLoader.CanDamage
Generating call graph for function Terraria.ModLoader.ProjectileLoader.CanHitPlayer
Generating call graph for function Terraria.ModLoader.ProjectileLoader.CanHitPvp
Generating call graph for function Terraria.ModLoader.ProjectileLoader.MinionContactDamage
Generating call graph for function Terraria.ModLoader.ProjectileLoader.OnTileCollide
Generating call graph for function Terraria.ModLoader.ProjectileLoader.PreAI
Generating call graph for function Terraria.ModLoader.ProjectileLoader.PreDraw
Generating call graph for function Terraria.ModLoader.ProjectileLoader.PreDrawExtras
Generating call graph for function Terraria.ModLoader.ProjectileLoader.PreKill
Generating call graph for function Terraria.ModLoader.ProjectileLoader.ShouldUpdatePosition
Generating call graph for function Terraria.ModLoader.ProjectileLoader.TileCollideStyle
Generating docs for nested compound Terraria::ModLoader::ProjectileLoader::HookList...
Generating docs for compound Terraria::ModLoader::RecipeEditor...
Generating docs for compound Terraria::ModLoader::RecipeFinder...
Generating docs for compound Terraria::ModLoader::RecipeHooks...
Generating call graph for function Terraria.ModLoader.RecipeHooks.RecipeAvailable
Generating docs for compound Terraria::ModLoader::SoundLoader...
Generating caller graph for function Terraria.ModLoader.SoundLoader.SoundCount
Generating docs for compound Terraria::ModLoader::SpawnCondition...
Generating docs for compound Terraria::ModLoader::SurfaceBgStyleLoader...
Generating docs for compound Terraria::ModLoader::TileLoader...
Generating call graph for function Terraria.ModLoader.TileLoader.AutoSelect
Generating call graph for function Terraria.ModLoader.TileLoader.CanExplode
Generating call graph for function Terraria.ModLoader.TileLoader.Dangersense
Generating call graph for function Terraria.ModLoader.TileLoader.Drop
Generating caller graph for function Terraria.ModLoader.TileLoader.GetTile
Generating call graph for function Terraria.ModLoader.TileLoader.KillSound
Generating docs for compound Terraria::ModLoader::TooltipLine...
Generating docs for compound Terraria::ModLoader::TopoSort< T >...
Generating docs for nested compound Terraria::ModLoader::TopoSort< T >::SortingException...
Generating docs for compound Terraria::ModLoader::UgBgStyleLoader...
Generating docs for compound Terraria::ModLoader::UsageException...
Generating docs for compound Terraria::ModLoader::WallLoader...
Generating call graph for function Terraria.ModLoader.WallLoader.KillSound
Generating docs for compound Terraria::ModLoader::WaterfallStyleLoader...
Generating docs for compound Terraria::ModLoader::WaterStyleLoader...
Generating call graph for function Terraria.ModLoader.WaterStyleLoader.ChooseWaterStyle
Generating docs for compound Terraria::ModLoader::WorldHooks...
Generating docs for namespace Terraria::ModLoader::Exceptions
Generating docs for compound Terraria::ModLoader::Exceptions::AddRecipesException...
Generating docs for compound Terraria::ModLoader::Exceptions::CustomModDataException...
Generating docs for compound Terraria::ModLoader::Exceptions::LevenshteinDistance...
Generating docs for compound Terraria::ModLoader::Exceptions::MissingResourceException...
Generating docs for compound Terraria::ModLoader::Exceptions::ModNameException...
Generating docs for compound Terraria::ModLoader::Exceptions::OldHookException...
Generating docs for compound Terraria::ModLoader::Exceptions::RecipeException...
Generating docs for compound Terraria::ModLoader::Exceptions::ResourceLoadException...
Generating docs for namespace Terraria::ModLoader::IO
Generating docs for compound Terraria::ModLoader::IO::BigEndianReader...
Generating docs for compound Terraria::ModLoader::IO::BigEndianWriter...
Generating docs for compound Terraria::ModLoader::IO::BinaryIO...
Generating docs for compound Terraria::ModLoader::IO::BoolTagSerializer...
Generating docs for compound Terraria::ModLoader::IO::ColorSerializer...
Generating docs for compound Terraria::ModLoader::IO::ImageIO...
Generating caller graph for function Terraria.ModLoader.IO.ImageIO.PngToTexture2DAsync
Generating docs for compound Terraria::ModLoader::IO::ItemIO...
Generating call graph for function Terraria.ModLoader.IO.ItemIO.Load
Generating docs for compound Terraria::ModLoader::IO::Point16Serializer...
Generating docs for compound Terraria::ModLoader::IO::RectangleSerializer...
Generating docs for compound Terraria::ModLoader::IO::TagCompound...
Generating caller graph for function Terraria.ModLoader.IO.TagCompound.ContainsKey
Generating caller graph for function Terraria.ModLoader.IO.TagCompound.GetByteArray
Generating caller graph for function Terraria.ModLoader.IO.TagCompound.GetString
Generating docs for compound Terraria::ModLoader::IO::TagIO...
Generating call graph for function Terraria.ModLoader.IO.TagIO.Deserialize
Generating call graph for function Terraria.ModLoader.IO.TagIO.Serialize
Generating docs for nested compound Terraria::ModLoader::IO::TagIO::ClassPayloadHandler< T >...
Generating docs for nested compound Terraria::ModLoader::IO::TagIO::PayloadHandler...
Generating docs for nested compound Terraria::ModLoader::IO::TagIO::PayloadHandler< T >...
Generating docs for compound Terraria::ModLoader::IO::TagPrinter...
Generating docs for compound Terraria::ModLoader::IO::TagSerializable...
Generating docs for compound Terraria::ModLoader::IO::TagSerializer...
Generating caller graph for function Terraria.ModLoader.IO.TagSerializer.Serialize
Generating caller graph for function Terraria.ModLoader.IO.TagSerializer.TryGetSerializer
Generating docs for compound Terraria::ModLoader::IO::TagSerializer< T, S >...
Generating docs for compound Terraria::ModLoader::IO::TmodFile...
Generating docs for compound Terraria::ModLoader::IO::UIntTagSerializer...
Generating docs for compound Terraria::ModLoader::IO::ULongTagSerializer...
Generating docs for compound Terraria::ModLoader::IO::UploadFile...
Generating docs for compound Terraria::ModLoader::IO::UShortTagSerializer...
Generating docs for compound Terraria::ModLoader::IO::Vector2TagSerializer...
Generating docs for compound Terraria::ModLoader::IO::Vector3TagSerializer...
Generating graph info page...
Generating directory documentation...
Generating dependency graph for directory /home/travis/build/blushiemagic/tModLoader/patches
Generating dependency graph for directory /home/travis/build/blushiemagic/tModLoader/patches/tModLoader/Terraria.ModLoader
Generating dependency graph for directory /home/travis/build/blushiemagic/tModLoader/patches/tModLoader/Terraria.ModLoader.Exceptions
Generating dependency graph for directory /home/travis/build/blushiemagic/tModLoader/patches/tModLoader/Terraria.ModLoader.IO
Generating dependency graph for directory /home/travis/build/blushiemagic/tModLoader/patches/tModLoader
Generating index page...
Generating page index...
Generating module index...
Generating namespace index...
Generating namespace member index...
Generating annotated compound index...
Generating alphabetical compound index...
Generating hierarchical class index...
Generating graphical class hierarchy...
Generating member index...
Generating file index...
Generating file member index...
Generating example index...
finalizing index lists...
Running dot...
Generating dot graphs using 3 parallel threads...
Running dot for graph 1/390
Running dot for graph 2/390
Running dot for graph 3/390
Running dot for graph 4/390
Running dot for graph 5/390
Running dot for graph 6/390
Running dot for graph 7/390
Running dot for graph 8/390
Running dot for graph 9/390
Running dot for graph 10/390
Running dot for graph 11/390
Running dot for graph 12/390
Running dot for graph 13/390
Running dot for graph 14/390
Running dot for graph 15/390
Running dot for graph 16/390
Running dot for graph 17/390
Running dot for graph 18/390
Running dot for graph 19/390
Running dot for graph 20/390
Running dot for graph 21/390
Running dot for graph 22/390
Running dot for graph 23/390
Running dot for graph 24/390
Running dot for graph 25/390
Running dot for graph 26/390
Running dot for graph 27/390
Running dot for graph 28/390
Running dot for graph 29/390
Running dot for graph 30/390
Running dot for graph 31/390
Running dot for graph 32/390
Running dot for graph 33/390
Running dot for graph 34/390
Running dot for graph 35/390
Running dot for graph 36/390
Running dot for graph 37/390
Running dot for graph 38/390
Running dot for graph 39/390
Running dot for graph 40/390
Running dot for graph 41/390
Running dot for graph 42/390
Running dot for graph 43/390
Running dot for graph 44/390
Running dot for graph 45/390
Running dot for graph 46/390
Running dot for graph 47/390
Running dot for graph 48/390
Running dot for graph 49/390
Running dot for graph 50/390
Running dot for graph 51/390
Running dot for graph 52/390
Running dot for graph 53/390
Running dot for graph 54/390
Running dot for graph 55/390
Running dot for graph 56/390
Running dot for graph 57/390
Running dot for graph 58/390
Running dot for graph 59/390
Running dot for graph 60/390
Running dot for graph 61/390
Running dot for graph 62/390
Running dot for graph 63/390
Running dot for graph 64/390
Running dot for graph 65/390
Running dot for graph 66/390
Running dot for graph 67/390
Running dot for graph 68/390
Running dot for graph 69/390
Running dot for graph 70/390
Running dot for graph 71/390
Running dot for graph 72/390
Running dot for graph 73/390
Running dot for graph 74/390
Running dot for graph 75/390
Running dot for graph 76/390
Running dot for graph 77/390
Running dot for graph 78/390
Running dot for graph 79/390
Running dot for graph 80/390
Running dot for graph 81/390
Running dot for graph 82/390
Running dot for graph 83/390
Running dot for graph 84/390
Running dot for graph 85/390
Running dot for graph 86/390
Running dot for graph 87/390
Running dot for graph 88/390
Running dot for graph 89/390
Running dot for graph 90/390
Running dot for graph 91/390
Running dot for graph 92/390
Running dot for graph 93/390
Running dot for graph 94/390
Running dot for graph 95/390
Running dot for graph 96/390
Running dot for graph 97/390
Running dot for graph 98/390
Running dot for graph 99/390
Running dot for graph 100/390
Running dot for graph 101/390
Running dot for graph 102/390
Running dot for graph 103/390
Running dot for graph 104/390
Running dot for graph 105/390
Running dot for graph 106/390
Running dot for graph 107/390
Running dot for graph 108/390
Running dot for graph 109/390
Running dot for graph 110/390
Running dot for graph 111/390
Running dot for graph 112/390
Running dot for graph 113/390
Running dot for graph 114/390
Running dot for graph 115/390
Running dot for graph 116/390
Running dot for graph 117/390
Running dot for graph 118/390
Running dot for graph 119/390
Running dot for graph 120/390
Running dot for graph 121/390
Running dot for graph 122/390
Running dot for graph 123/390
Running dot for graph 124/390
Running dot for graph 125/390
Running dot for graph 126/390
Running dot for graph 127/390
Running dot for graph 128/390
Running dot for graph 129/390
Running dot for graph 130/390
Running dot for graph 131/390
Running dot for graph 132/390
Running dot for graph 133/390
Running dot for graph 134/390
Running dot for graph 135/390
Running dot for graph 136/390
Running dot for graph 137/390
Running dot for graph 138/390
Running dot for graph 139/390
Running dot for graph 140/390
Running dot for graph 141/390
Running dot for graph 142/390
Running dot for graph 143/390
Running dot for graph 144/390
Running dot for graph 145/390
Running dot for graph 146/390
Running dot for graph 147/390
Running dot for graph 148/390
Running dot for graph 149/390
Running dot for graph 150/390
Running dot for graph 151/390
Running dot for graph 152/390
Running dot for graph 153/390
Running dot for graph 154/390
Running dot for graph 155/390
Running dot for graph 156/390
Running dot for graph 157/390
Running dot for graph 158/390
Running dot for graph 159/390
Running dot for graph 160/390
Running dot for graph 161/390
Running dot for graph 162/390
Running dot for graph 163/390
Running dot for graph 164/390
Running dot for graph 165/390
Running dot for graph 166/390
Running dot for graph 167/390
Running dot for graph 168/390
Running dot for graph 169/390
Running dot for graph 170/390
Running dot for graph 171/390
Running dot for graph 172/390
Running dot for graph 173/390
Running dot for graph 174/390
Running dot for graph 175/390
Running dot for graph 176/390
Running dot for graph 177/390
Running dot for graph 178/390
Running dot for graph 179/390
Running dot for graph 180/390
Running dot for graph 181/390
Running dot for graph 182/390
Running dot for graph 183/390
Running dot for graph 184/390
Running dot for graph 185/390
Running dot for graph 186/390
Running dot for graph 187/390
Running dot for graph 188/390
Running dot for graph 189/390
Running dot for graph 190/390
Running dot for graph 191/390
Running dot for graph 192/390
Running dot for graph 193/390
Running dot for graph 194/390
Running dot for graph 195/390
Running dot for graph 196/390
Running dot for graph 197/390
Running dot for graph 198/390
Running dot for graph 199/390
Running dot for graph 200/390
Running dot for graph 201/390
Running dot for graph 202/390
Running dot for graph 203/390
Running dot for graph 204/390
Running dot for graph 205/390
Running dot for graph 206/390
Running dot for graph 207/390
Running dot for graph 208/390
Running dot for graph 209/390
Running dot for graph 210/390
Running dot for graph 211/390
Running dot for graph 212/390
Running dot for graph 213/390
Running dot for graph 214/390
Running dot for graph 215/390
Running dot for graph 216/390
Running dot for graph 217/390
Running dot for graph 218/390
Running dot for graph 219/390
Running dot for graph 220/390
Running dot for graph 221/390
Running dot for graph 222/390
Running dot for graph 223/390
Running dot for graph 224/390
Running dot for graph 225/390
Running dot for graph 226/390
Running dot for graph 227/390
Running dot for graph 228/390
Running dot for graph 229/390
Running dot for graph 230/390
Running dot for graph 231/390
Running dot for graph 232/390
Running dot for graph 233/390
Running dot for graph 234/390
Running dot for graph 235/390
Running dot for graph 236/390
Running dot for graph 237/390
Running dot for graph 238/390
Running dot for graph 239/390
Running dot for graph 240/390
Running dot for graph 241/390
Running dot for graph 242/390
Running dot for graph 243/390
Running dot for graph 244/390
Running dot for graph 245/390
Running dot for graph 246/390
Running dot for graph 247/390
Running dot for graph 248/390
Running dot for graph 249/390
Running dot for graph 250/390
Running dot for graph 251/390
Running dot for graph 252/390
Running dot for graph 253/390
Running dot for graph 254/390
Running dot for graph 255/390
Running dot for graph 256/390
Running dot for graph 257/390
Running dot for graph 258/390
Running dot for graph 259/390
Running dot for graph 260/390
Running dot for graph 261/390
Running dot for graph 262/390
Running dot for graph 263/390
Running dot for graph 264/390
Running dot for graph 265/390
Running dot for graph 266/390
Running dot for graph 267/390
Running dot for graph 268/390
Running dot for graph 269/390
Running dot for graph 270/390
Running dot for graph 271/390
Running dot for graph 272/390
Running dot for graph 273/390
Running dot for graph 274/390
Running dot for graph 275/390
Running dot for graph 276/390
Running dot for graph 277/390
Running dot for graph 278/390
Running dot for graph 279/390
Running dot for graph 280/390
Running dot for graph 281/390
Running dot for graph 282/390
Running dot for graph 283/390
Running dot for graph 284/390
Running dot for graph 285/390
Running dot for graph 286/390
Running dot for graph 287/390
Running dot for graph 288/390
Running dot for graph 289/390
Running dot for graph 290/390
Running dot for graph 291/390
Running dot for graph 292/390
Running dot for graph 293/390
Running dot for graph 294/390
Running dot for graph 295/390
Running dot for graph 296/390
Running dot for graph 297/390
Running dot for graph 298/390
Running dot for graph 299/390
Running dot for graph 300/390
Running dot for graph 301/390
Running dot for graph 302/390
Running dot for graph 303/390
Running dot for graph 304/390
Running dot for graph 305/390
Running dot for graph 306/390
Running dot for graph 307/390
Running dot for graph 308/390
Running dot for graph 309/390
Running dot for graph 310/390
Running dot for graph 311/390
Running dot for graph 312/390
Running dot for graph 313/390
Running dot for graph 314/390
Running dot for graph 315/390
Running dot for graph 316/390
Running dot for graph 317/390
Running dot for graph 318/390
Running dot for graph 319/390
Running dot for graph 320/390
Running dot for graph 321/390
Running dot for graph 322/390
Running dot for graph 323/390
Running dot for graph 324/390
Running dot for graph 325/390
Running dot for graph 326/390
Running dot for graph 327/390
Running dot for graph 328/390
Running dot for graph 329/390
Running dot for graph 330/390
Running dot for graph 331/390
Running dot for graph 332/390
Running dot for graph 333/390
Running dot for graph 334/390
Running dot for graph 335/390
Running dot for graph 336/390
Running dot for graph 337/390
Running dot for graph 338/390
Running dot for graph 339/390
Running dot for graph 340/390
Running dot for graph 341/390
Running dot for graph 342/390
Running dot for graph 343/390
Running dot for graph 344/390
Running dot for graph 345/390
Running dot for graph 346/390
Running dot for graph 347/390
Running dot for graph 348/390
Running dot for graph 349/390
Running dot for graph 350/390
Running dot for graph 351/390
Running dot for graph 352/390
Running dot for graph 353/390
Running dot for graph 354/390
Running dot for graph 355/390
Running dot for graph 356/390
Running dot for graph 357/390
Running dot for graph 358/390
Running dot for graph 359/390
Running dot for graph 360/390
Running dot for graph 361/390
Running dot for graph 362/390
Running dot for graph 363/390
Running dot for graph 364/390
Running dot for graph 365/390
Running dot for graph 366/390
Running dot for graph 367/390
Running dot for graph 368/390
Running dot for graph 369/390
Running dot for graph 370/390
Running dot for graph 371/390
Running dot for graph 372/390
Running dot for graph 373/390
Running dot for graph 374/390
Running dot for graph 375/390
Running dot for graph 376/390
Running dot for graph 377/390
Running dot for graph 378/390
Running dot for graph 379/390
Running dot for graph 380/390
Running dot for graph 381/390
Running dot for graph 382/390
Running dot for graph 383/390
Running dot for graph 384/390
Running dot for graph 385/390
Running dot for graph 386/390
Running dot for graph 387/390
Running dot for graph 388/390
Running dot for graph 389/390
Running dot for graph 390/390
Patching output file 1/131
Patching output file 2/131
Patching output file 3/131
Patching output file 4/131
Patching output file 5/131
Patching output file 6/131
Patching output file 7/131
Patching output file 8/131
Patching output file 9/131
Patching output file 10/131
Patching output file 11/131
Patching output file 12/131
Patching output file 13/131
Patching output file 14/131
Patching output file 15/131
Patching output file 16/131
Patching output file 17/131
Patching output file 18/131
Patching output file 19/131
Patching output file 20/131
Patching output file 21/131
Patching output file 22/131
Patching output file 23/131
Patching output file 24/131
Patching output file 25/131
Patching output file 26/131
Patching output file 27/131
Patching output file 28/131
Patching output file 29/131
Patching output file 30/131
Patching output file 31/131
Patching output file 32/131
Patching output file 33/131
Patching output file 34/131
Patching output file 35/131
Patching output file 36/131
Patching output file 37/131
Patching output file 38/131
Patching output file 39/131
Patching output file 40/131
Patching output file 41/131
Patching output file 42/131
Patching output file 43/131
Patching output file 44/131
Patching output file 45/131
Patching output file 46/131
Patching output file 47/131
Patching output file 48/131
Patching output file 49/131
Patching output file 50/131
Patching output file 51/131
Patching output file 52/131
Patching output file 53/131
Patching output file 54/131
Patching output file 55/131
Patching output file 56/131
Patching output file 57/131
Patching output file 58/131
Patching output file 59/131
Patching output file 60/131
Patching output file 61/131
Patching output file 62/131
Patching output file 63/131
Patching output file 64/131
Patching output file 65/131
Patching output file 66/131
Patching output file 67/131
Patching output file 68/131
Patching output file 69/131
Patching output file 70/131
Patching output file 71/131
Patching output file 72/131
Patching output file 73/131
Patching output file 74/131
Patching output file 75/131
Patching output file 76/131
Patching output file 77/131
Patching output file 78/131
Patching output file 79/131
Patching output file 80/131
Patching output file 81/131
Patching output file 82/131
Patching output file 83/131
Patching output file 84/131
Patching output file 85/131
Patching output file 86/131
Patching output file 87/131
Patching output file 88/131
Patching output file 89/131
Patching output file 90/131
Patching output file 91/131
Patching output file 92/131
Patching output file 93/131
Patching output file 94/131
Patching output file 95/131
Patching output file 96/131
Patching output file 97/131
Patching output file 98/131
Patching output file 99/131
Patching output file 100/131
Patching output file 101/131
Patching output file 102/131
Patching output file 103/131
Patching output file 104/131
Patching output file 105/131
Patching output file 106/131
Patching output file 107/131
Patching output file 108/131
Patching output file 109/131
Patching output file 110/131
Patching output file 111/131
Patching output file 112/131
Patching output file 113/131
Patching output file 114/131
Patching output file 115/131
Patching output file 116/131
Patching output file 117/131
Patching output file 118/131
Patching output file 119/131
Patching output file 120/131
Patching output file 121/131
Patching output file 122/131
Patching output file 123/131
Patching output file 124/131
Patching output file 125/131
Patching output file 126/131
Patching output file 127/131
Patching output file 128/131
Patching output file 129/131
Patching output file 130/131
Patching output file 131/131
lookup cache used 14178/131072 hits=107048 misses=14625
finished...
