FAILURES - 311
WARNINGS - 78

FAILURES fixed - 133
WARNINGS fixed - 50

FAILURES Remain - 181
WARNINGS Remain - 29

patching file 'src/tModLoader\Terraria\Main.cs'
Hunk #1 succeeded at 54 (offset 6 lines).
Hunk #2 succeeded at 168 with fuzz 1 (offset 11 lines).
Hunk #3 succeeded at 202 with fuzz 2 (offset 6 lines).
Hunk #4 succeeded at 490 (offset 8 lines).
Hunk #5 succeeded at 550 (offset 7 lines).
Hunk #6 succeeded at 595 (offset 8 lines).
Hunk #7 FAILED at 906.
Hunk #8 succeeded at 932 (offset 7 lines).
Hunk #9 succeeded at 989 (offset 8 lines).
Hunk #10 succeeded at 1064 (offset 7 lines).
Hunk #11 succeeded at 1132 (offset 8 lines).
Hunk #12 succeeded at 1147 with fuzz 1 (offset 7 lines).
Hunk #13 succeeded at 1170 (offset 8 lines).
Hunk #14 succeeded at 1178 (offset 7 lines).
Hunk #15 FAILED at 1323.
Hunk #16 FAILED at 2048.
Hunk #17 succeeded at 2074 (offset 17 lines).
Hunk #18 FAILED at 2086.
Hunk #19 succeeded at 2114 with fuzz 2 (offset 7 lines).
Hunk #20 succeeded at 2272 with fuzz 2.
Hunk #21 succeeded at 2629 (offset 237 lines).
Hunk #22 FAILED at 2886.
Hunk #23 succeeded at 2863 (offset 20 lines).
Hunk #24 succeeded at 3109 (offset 237 lines).
Hunk #25 succeeded at 3024 (offset 20 lines).
Hunk #26 FAILED at 3080.
Hunk #27 succeeded at 3422 (offset 242 lines).
Hunk #28 succeeded at 3227 (offset 20 lines).
Hunk #29 FAILED at 3267.
Hunk #30 FAILED at 3337.
Hunk #31 FAILED at 3501.
Hunk #32 succeeded at 3911 (offset 254 lines).
Hunk #33 FAILED at 3932.
Hunk #34 succeeded at 3722 (offset 15 lines).
Hunk #35 FAILED at 3985.
Hunk #36 succeeded at 4368 (offset 254 lines).
Hunk #37 succeeded at 4139 (offset 15 lines).
Hunk #38 succeeded at 4407 (offset 254 lines).
Hunk #39 succeeded at 4265 (offset -2 lines).
Hunk #40 succeeded at 4628 (offset 254 lines).
Hunk #41 succeeded at 4402 (offset -2 lines).
Hunk #42 succeeded at 4683 (offset 254 lines).
Hunk #43 FAILED at 4862.
Hunk #44 succeeded at 4691 (offset 8 lines).
Hunk #45 succeeded at 4954 (offset 254 lines).
Hunk #46 FAILED at 7281.
Hunk #47 FAILED at 7343.
Hunk #48 FAILED at 7444.
Hunk #49 FAILED at 7472.
Hunk #50 FAILED at 7493.
Hunk #51 succeeded at 7285 (offset 27 lines).
Hunk #52 succeeded at 7581 with fuzz 2 (offset 264 lines).
Hunk #53 FAILED at 7630.
Hunk #54 FAILED at 7808.
Hunk #55 FAILED at 7848.
Hunk #56 FAILED at 7893.
Hunk #57 FAILED at 8020.
Hunk #58 succeeded at 7905 (offset 31 lines).
Hunk #59 succeeded at 8219 (offset 264 lines).
Hunk #60 succeeded at 8021 (offset 31 lines).
Hunk #61 succeeded at 8328 (offset 264 lines).
Hunk #62 succeeded at 8154 (offset 31 lines).
Hunk #63 succeeded at 8418 (offset 264 lines).
Hunk #64 succeeded at 8209 (offset 31 lines).
Hunk #65 succeeded at 8501 (offset 264 lines).
Hunk #66 succeeded at 8349 (offset 31 lines).
Hunk #67 FAILED at 8440.
Hunk #68 FAILED at 8466.
Hunk #69 succeeded at 8718 (offset 264 lines).
Hunk #70 succeeded at 8509 (offset 31 lines).
Hunk #71 succeeded at 8841 (offset 264 lines).
Hunk #72 succeeded at 8632 (offset 31 lines).
Hunk #73 succeeded at 8937 (offset 264 lines).
Hunk #74 succeeded at 8727 (offset 31 lines).
Hunk #75 succeeded at 8979 (offset 264 lines).
Hunk #76 succeeded at 8754 (offset 31 lines).
Hunk #77 succeeded at 9003 (offset 264 lines).
Hunk #78 succeeded at 8801 (offset 31 lines).
Hunk #79 succeeded at 9047 (offset 264 lines).
Hunk #80 succeeded at 8962 (offset 31 lines).
Hunk #81 succeeded at 9414 (offset 264 lines).
Hunk #82 succeeded at 9428 (offset 31 lines).
Hunk #83 succeeded at 9687 (offset 264 lines).
Hunk #84 succeeded at 9501 (offset 31 lines).
Hunk #85 succeeded at 11766 (offset 264 lines).
Hunk #86 succeeded at 11982 (offset 31 lines).
Hunk #87 FAILED at 12004.
Hunk #88 FAILED at 12054.
Hunk #89 FAILED at 12125.
Hunk #90 FAILED at 12421.
Hunk #91 FAILED at 12767.
Hunk #92 FAILED at 13334.
Hunk #93 FAILED at 13441.
Hunk #94 FAILED at 13499.
Hunk #95 FAILED at 13540.
Hunk #96 FAILED at 13680.
Hunk #97 FAILED at 13754.
Hunk #98 succeeded at 14685 (offset 377 lines).
Hunk #99 succeeded at 14457 with fuzz 1 (offset 12 lines).
Hunk #100 FAILED at 14473.
Hunk #101 FAILED at 14616.
Hunk #102 FAILED at 14652.
Hunk #103 FAILED at 14684.
Hunk #104 FAILED at 14702.
Hunk #105 FAILED at 14751.
Hunk #106 FAILED at 14844.
Hunk #107 FAILED at 14903.
Hunk #108 FAILED at 14992.
Hunk #109 FAILED at 15078.
Hunk #110 FAILED at 15115.
Hunk #111 FAILED at 15149.
Hunk #112 FAILED at 15174.
Hunk #113 FAILED at 15196.
Hunk #114 FAILED at 15220.
Hunk #115 FAILED at 15244.
Hunk #116 succeeded at 15604 with fuzz 2 (offset 348 lines).
Hunk #117 FAILED at 15628.
Hunk #118 FAILED at 15816.
Hunk #119 FAILED at 15835.
Hunk #120 succeeded at 15591 with fuzz 2 (offset 12 lines).
Hunk #121 FAILED at 15614.
Hunk #122 FAILED at 15773.
Hunk #123 FAILED at 15795.
Hunk #124 FAILED at 15811.
Hunk #125 FAILED at 15877.
Hunk #126 FAILED at 15931.
Hunk #127 succeeded at 16289 (offset 351 lines).
Hunk #128 FAILED at 16524.
Hunk #129 succeeded at 16236 (offset 13 lines).
Hunk #130 succeeded at 16738 (offset 351 lines).
Hunk #131 succeeded at 16462 (offset 13 lines).
Hunk #132 succeeded at 17109 (offset 351 lines).
Hunk #133 succeeded at 16794 (offset 13 lines).
Hunk #134 succeeded at 17177 (offset 351 lines).
Hunk #135 FAILED at 17375.
Hunk #136 FAILED at 17414.
Hunk #137 FAILED at 17554.
Hunk #138 FAILED at 17681.
Hunk #139 succeeded at 17461 (offset -13 lines).
Hunk #140 FAILED at 17762.
Hunk #141 succeeded at 18169 (offset 351 lines).
Hunk #142 FAILED at 18183.
Hunk #143 FAILED at 18303.
Hunk #144 succeeded at 18178 (offset -13 lines).
Hunk #145 FAILED at 18226.
Hunk #146 FAILED at 18356.
Hunk #147 succeeded at 18840 (offset 351 lines).
Hunk #148 succeeded at 18535 (offset -13 lines).
Hunk #149 succeeded at 18921 (offset 351 lines).
Hunk #150 succeeded at 18579 (offset -13 lines).
Hunk #151 succeeded at 19648 (offset 351 lines).
Hunk #152 succeeded at 19307 (offset -13 lines).
Hunk #153 succeeded at 19865 (offset 351 lines).
Hunk #154 succeeded at 19574 (offset -13 lines).
Hunk #155 succeeded at 20037 (offset 351 lines).
Hunk #156 succeeded at 19730 (offset -13 lines).
Hunk #157 succeeded at 20675 (offset 351 lines).
Hunk #158 FAILED at 20706.
Hunk #159 succeeded at 20561 (offset 7 lines).
Hunk #160 succeeded at 20922 (offset 351 lines).
Hunk #161 succeeded at 20698 (offset 7 lines).
Hunk #162 succeeded at 21078 (offset 351 lines).
Hunk #163 succeeded at 20813 (offset 7 lines).
Hunk #164 succeeded at 21193 (offset 351 lines).
Hunk #165 succeeded at 20928 (offset 7 lines).
Hunk #166 succeeded at 21310 (offset 351 lines).
Hunk #167 succeeded at 21031 (offset 7 lines).
Hunk #168 succeeded at 21451 (offset 351 lines).
Hunk #169 succeeded at 21135 (offset 7 lines).
Hunk #170 succeeded at 21510 (offset 351 lines).
Hunk #171 succeeded at 21187 (offset 7 lines).
Hunk #172 succeeded at 21743 (offset 351 lines).
Hunk #173 succeeded at 21651 with fuzz 1 (offset 14 lines).
Hunk #174 succeeded at 22036 (offset 351 lines).
Hunk #175 succeeded at 21954 (offset 14 lines).
Hunk #176 succeeded at 22419 (offset 351 lines).
Hunk #177 succeeded at 22747 (offset 14 lines).
Hunk #178 succeeded at 23128 (offset 351 lines).
Hunk #179 succeeded at 22813 (offset 14 lines).
Hunk #180 succeeded at 23390 (offset 351 lines).
Hunk #181 succeeded at 23124 (offset 14 lines).
Hunk #182 succeeded at 23657 (offset 351 lines).
Hunk #183 succeeded at 24978 (offset 14 lines).
Hunk #184 succeeded at 25349 (offset 351 lines).
Hunk #185 succeeded at 25061 (offset 14 lines).
Hunk #186 succeeded at 25432 (offset 351 lines).
Hunk #187 succeeded at 25281 (offset 14 lines).
Hunk #188 succeeded at 25804 (offset 351 lines).
Hunk #189 succeeded at 25481 (offset 14 lines).
Hunk #190 succeeded at 25891 (offset 351 lines).
Hunk #191 succeeded at 25604 (offset 14 lines).
Hunk #192 succeeded at 25966 (offset 351 lines).
Hunk #193 succeeded at 25718 (offset 14 lines).
Hunk #194 succeeded at 26131 (offset 351 lines).
Hunk #195 succeeded at 26006 (offset 14 lines).
Hunk #196 succeeded at 27161 (offset 351 lines).
Hunk #197 succeeded at 27419 (offset 14 lines).
Hunk #198 succeeded at 28094 (offset 351 lines).
Hunk #199 succeeded at 28798 (offset 14 lines).
Hunk #200 succeeded at 29174 (offset 351 lines).
Hunk #201 succeeded at 29741 (offset 14 lines).
Hunk #202 succeeded at 30137 (offset 351 lines).
Hunk #203 FAILED at 30586.
Hunk #204 succeeded at 30446 (offset 14 lines).
Hunk #205 succeeded at 30909 (offset 351 lines).
Hunk #206 succeeded at 31214 (offset 14 lines).
Hunk #207 succeeded at 31569 (offset 351 lines).
Hunk #208 succeeded at 31245 (offset 14 lines).
Hunk #209 succeeded at 31638 (offset 351 lines).
Hunk #210 succeeded at 31386 (offset 14 lines).
Hunk #211 succeeded at 31749 (offset 351 lines).
Hunk #212 FAILED at 31817.
Hunk #213 succeeded at 31502 (offset 14 lines).
Hunk #214 succeeded at 31859 (offset 351 lines).
Hunk #215 FAILED at 31886.
Hunk #216 FAILED at 31913.
Hunk #217 FAILED at 31930.
Hunk #218 FAILED at 32009.
Hunk #219 FAILED at 32091.
Hunk #220 FAILED at 32257.
Hunk #221 FAILED at 32286.
Hunk #222 FAILED at 32331.
Hunk #223 succeeded at 32063 (offset 47 lines).
Hunk #224 succeeded at 32735 (offset 351 lines).
Hunk #225 FAILED at 32748.
Hunk #226 FAILED at 32779.
Hunk #227 FAILED at 32844.
Hunk #228 succeeded at 32729 with fuzz 2 (offset 47 lines).
Hunk #229 succeeded at 33093 (offset 351 lines).
Hunk #230 succeeded at 32826 (offset 47 lines).
Hunk #231 succeeded at 33331 with fuzz 1 (offset 351 lines).
Hunk #232 FAILED at 33354.
Hunk #233 FAILED at 33374.
Hunk #234 FAILED at 33414.
Hunk #235 succeeded at 33204 with fuzz 2 (offset 79 lines).
Hunk #236 FAILED at 33220.
Hunk #237 succeeded at 33735 with fuzz 1 (offset 391 lines).
Hunk #238 FAILED at 33748.
Hunk #239 FAILED at 33804.
Hunk #240 FAILED at 33826.
Hunk #241 FAILED at 33878.
Hunk #242 succeeded at 33636 (offset 95 lines).
Hunk #243 succeeded at 33986 (offset 391 lines).
Hunk #244 FAILED at 34001.
Hunk #245 FAILED at 34042.
Hunk #246 succeeded at 33852 (offset 115 lines).
Hunk #247 succeeded at 34146 (offset 391 lines).
Hunk #248 succeeded at 33898 with fuzz 1 (offset 115 lines).
Hunk #249 FAILED at 33952.
Hunk #250 FAILED at 33971.
Hunk #251 FAILED at 34011.
Hunk #252 FAILED at 34106.
Hunk #253 FAILED at 34230.
Hunk #254 FAILED at 34243.
Hunk #255 succeeded at 34570 (offset 391 lines).
Hunk #256 FAILED at 34594.
Hunk #257 FAILED at 34666.
Hunk #258 FAILED at 34746.
Hunk #259 succeeded at 34576 (offset 116 lines).
Hunk #260 succeeded at 34868 (offset 391 lines).
Hunk #261 succeeded at 34622 (offset 116 lines).
Hunk #262 succeeded at 34919 (offset 391 lines).
Hunk #263 succeeded at 34666 (offset 116 lines).
Hunk #264 succeeded at 34984 (offset 391 lines).
Hunk #265 succeeded at 34897 (offset 116 lines).
Hunk #266 succeeded at 35808 (offset 392 lines).
Hunk #267 FAILED at 35895.
Hunk #268 FAILED at 36016.
Hunk #269 succeeded at 35849 with fuzz 1 (offset 116 lines).
Hunk #270 FAILED at 36301.
Hunk #271 succeeded at 36547 (offset 297 lines).
Hunk #272 succeeded at 36414 with fuzz 2 (offset 116 lines).
Hunk #273 FAILED at 37019.
Hunk #274 succeeded at 37554 (offset 615 lines).
Hunk #275 FAILED at 37683.
Hunk #276 succeeded at 37600 (offset 116 lines).
Hunk #277 succeeded at 38136 with fuzz 2 (offset 615 lines).
Hunk #278 succeeded at 37653 with fuzz 2 (offset 116 lines).
Hunk #279 succeeded at 38168 with fuzz 2 (offset 615 lines).
Hunk #280 succeeded at 37685 with fuzz 2 (offset 116 lines).
Hunk #281 succeeded at 38206 (offset 615 lines).
Hunk #282 FAILED at 38282.
Hunk #283 succeeded at 37946 (offset 116 lines).
Hunk #284 succeeded at 38546 with fuzz 2 (offset 615 lines).
Hunk #285 succeeded at 38206 (offset 116 lines).
Hunk #286 succeeded at 38928 (offset 615 lines).
Hunk #287 FAILED at 39121.
Hunk #288 FAILED at 39160.
Hunk #289 FAILED at 39263.
Hunk #290 FAILED at 39424.
Hunk #291 FAILED at 39570.
Hunk #292 succeeded at 39381 (offset 170 lines).
Hunk #293 FAILED at 39576.
Hunk #294 FAILED at 40385.
Hunk #295 FAILED at 40594.
Hunk #296 succeeded at 41246 (offset 624 lines).
Hunk #297 succeeded at 40808 (offset 170 lines).
Hunk #298 succeeded at 41319 (offset 624 lines).
Hunk #299 FAILED at 41539.
Hunk #300 succeeded at 41468 (offset 178 lines).
Hunk #301 FAILED at 42475.
Hunk #302 FAILED at 42625.
Hunk #303 FAILED at 43022.
Hunk #304 succeeded at 43746 (offset 653 lines).
Hunk #305 succeeded at 43288 (offset 178 lines).
Hunk #306 succeeded at 43800 (offset 653 lines).
Hunk #307 succeeded at 43358 (offset 178 lines).
Hunk #308 succeeded at 43848 (offset 653 lines).
Hunk #309 succeeded at 43416 (offset 178 lines).
Hunk #310 succeeded at 44243 (offset 664 lines).
Hunk #311 succeeded at 43949 (offset 178 lines).
Hunk #312 FAILED at 44237.
Hunk #313 FAILED at 44316.
Hunk #314 succeeded at 44892 (offset 646 lines).
Hunk #315 FAILED at 45001.
Hunk #316 succeeded at 44556 (offset 179 lines).
Hunk #317 succeeded at 45034 (offset 646 lines).
Hunk #318 succeeded at 44645 (offset 179 lines).
Hunk #319 FAILED at 44701.
Hunk #320 succeeded at 45201 (offset 646 lines).
Hunk #321 FAILED at 45222.
Hunk #322 FAILED at 45234.
Hunk #323 FAILED at 45288.
Hunk #324 FAILED at 45376.
Hunk #325 FAILED at 46068.
Hunk #326 FAILED at 46124.
Hunk #327 succeeded at 46021 with fuzz 1 (offset 179 lines).
Hunk #328 FAILED at 46076.
Hunk #329 FAILED at 46184.
Hunk #330 FAILED at 46675.
Hunk #331 FAILED at 46838.
Hunk #332 FAILED at 47277.
Hunk #333 FAILED at 47429.
Hunk #334 FAILED at 47453.
Hunk #335 FAILED at 47551.
Hunk #336 FAILED at 47711.
Hunk #337 FAILED at 47904.
Hunk #338 succeeded at 48538 (offset 676 lines).
Hunk #339 succeeded at 48245 (offset 179 lines).
Hunk #340 FAILED at 48398.
Hunk #341 FAILED at 48516.
Hunk #342 FAILED at 48728.
Hunk #343 FAILED at 48836.
Hunk #344 FAILED at 49020.
Hunk #345 FAILED at 49119.
Hunk #346 succeeded at 50109 (offset 688 lines).
Hunk #347 succeeded at 49718 (offset 179 lines).
Hunk #348 succeeded at 50439 (offset 688 lines).
Hunk #349 succeeded at 50038 (offset 179 lines).
Hunk #350 succeeded at 50725 (offset 688 lines).
Hunk #351 succeeded at 50315 (offset 179 lines).
Hunk #352 succeeded at 51385 (offset 701 lines).
Hunk #353 succeeded at 51023 (offset 179 lines).
Hunk #354 FAILED at 51468.
Hunk #355 FAILED at 51516.
Hunk #356 FAILED at 51693.
Hunk #357 succeeded at 53178 (offset 721 lines).
Hunk #358 succeeded at 53132 (offset 179 lines).
Hunk #359 succeeded at 53751 (offset 721 lines).
Hunk #360 FAILED at 53937.
Hunk #361 succeeded at 53989 (offset 176 lines).
Hunk #362 FAILED at 53998.
Hunk #363 succeeded at 54607 (offset 721 lines).
Hunk #364 succeeded at 54399 (offset 172 lines).
Hunk #365 succeeded at 54993 (offset 721 lines).
Hunk #366 succeeded at 54518 (offset 172 lines).
Hunk #367 succeeded at 55173 (offset 721 lines).
Hunk #368 succeeded at 54730 (offset 172 lines).
Hunk #369 succeeded at 55333 (offset 721 lines).
Hunk #370 succeeded at 55717 (offset 172 lines).
Hunk #371 succeeded at 56366 (offset 721 lines).
Hunk #372 succeeded at 55838 (offset 172 lines).
Hunk #373 succeeded at 56403 (offset 721 lines).
Hunk #374 succeeded at 55878 (offset 172 lines).
Hunk #375 succeeded at 56443 (offset 721 lines).
Hunk #376 succeeded at 55926 (offset 172 lines).
Hunk #377 succeeded at 56844 (offset 721 lines).
Hunk #378 succeeded at 56490 (offset 172 lines).
Hunk #379 succeeded at 57059 (offset 721 lines).
Hunk #380 succeeded at 57195 (offset 172 lines).
Hunk #381 succeeded at 57916 (offset 721 lines).
Hunk #382 succeeded at 57557 (offset 178 lines).
Hunk #383 succeeded at 58281 (offset 721 lines).
Hunk #384 succeeded at 57760 (offset 178 lines).
Hunk #385 succeeded at 58332 (offset 721 lines).
Hunk #386 succeeded at 57818 (offset 178 lines).
Hunk #387 succeeded at 58390 (offset 721 lines).
Hunk #388 succeeded at 57944 with fuzz 1 (offset 178 lines).
Hunk #389 FAILED at 58753.
Hunk #390 FAILED at 59168.
Hunk #391 FAILED at 59345.
Hunk #392 FAILED at 59393.
Hunk #393 succeeded at 60159 (offset 729 lines).
Hunk #394 succeeded at 59854 (offset 178 lines).
Hunk #395 succeeded at 60815 (offset 729 lines).
Hunk #396 succeeded at 60379 (offset 178 lines).
Hunk #397 FAILED at 61200.
Hunk #398 FAILED at 61241.
Hunk #399 FAILED at 61386.
Hunk #400 FAILED at 61456.
Hunk #401 succeeded at 62293 (offset 735 lines).
Hunk #402 succeeded at 61904 (offset 178 lines).
Hunk #403 succeeded at 63096 (offset 735 lines).
Hunk #404 succeeded at 62842 (offset 195 lines).
160 out of 404 hunks FAILED -- saving rejects to file 'src/tModLoader\Terraria\Main.cs.rej'
WARNINGS = 24

patching file 'src/tModLoader\Terraria\MessageBuffer.cs'
Hunk #1 succeeded at 14 (offset -1 lines).
Hunk #2 FAILED at 88.
Hunk #3 succeeded at 115 with fuzz 2.
Hunk #4 succeeded at 123 (offset -1 lines).
Hunk #5 FAILED at 145.
Hunk #6 FAILED at 154.
Hunk #7 FAILED at 231.
Hunk #8 succeeded at 557 (offset 4 lines).
Hunk #9 succeeded at 1169 (offset 2 lines).
Hunk #10 FAILED at 1205.
Hunk #11 succeeded at 1215 (offset 4 lines).
Hunk #12 succeeded at 1259 (offset 2 lines).
Hunk #13 succeeded at 1399 (offset 4 lines).
Hunk #14 FAILED at 1449.
Hunk #15 FAILED at 1569.
Hunk #16 succeeded at 1576 with fuzz 2 (offset -6 lines).
Hunk #17 FAILED at 1630.
Hunk #18 FAILED at 1775.
Hunk #19 succeeded at 1725 with fuzz 1 (offset -120 lines).
Hunk #20 FAILED at 1736.
Hunk #21 FAILED at 1807.
Hunk #22 FAILED at 1827.
Hunk #23 FAILED at 1854.
Hunk #24 succeeded at 2048 with fuzz 1 (offset 34 lines).
Hunk #25 FAILED at 2083.
Hunk #26 FAILED at 2331.
Hunk #27 FAILED at 2417.
Hunk #28 FAILED at 2437.
Hunk #29 FAILED at 2445.
Hunk #30 FAILED at 3071.
Hunk #31 succeeded at 3518 with fuzz 1 (offset -107 lines).
Hunk #32 FAILED at 3557.
Hunk #33 FAILED at 3567.
21 out of 33 hunks FAILED -- saving rejects to file 'src/tModLoader\Terraria\MessageBuffer#'
WARNINGS = 5